Running: /opt/Xilinx/14.7/ISE_DS/ISE/bin/lin64/unwrapped/fuse -intstyle ise -incremental -lib unisims_ver -lib unimacro_ver -lib xilinxcorelib_ver -o /home/ise/HW3/part1/testbench_ac_isim_beh.exe -prj /home/ise/HW3/part1/testbench_ac_beh.prj work.testbench_ac work.glbl 
ISim P.20131013 (signature 0xfbc00daa)
Number of CPUs detected in this system: 1
Turning on mult-threading, number of parallel sub-compilation jobs: 0 
Determining compilation order of HDL files
Analyzing Verilog file "/home/ise/HW3/part1/lab3_1.v" into library work
Analyzing Verilog file "/home/ise/HW3/part1/test.v" into library work
Analyzing Verilog file "/opt/Xilinx/14.7/ISE_DS/ISE//verilog/src/glbl.v" into library work
Starting static elaboration
Completed static elaboration
Fuse Memory Usage: 94928 KB
Fuse CPU Usage: 980 ms
Compiling module ac_flip_flop
Compiling module testbench_ac
Compiling module glbl
Time Resolution for simulation is 1ps.
Compiled 3 Verilog Units
Built simulation executable /home/ise/HW3/part1/testbench_ac_isim_beh.exe
Fuse Memory Usage: 98056 KB
Fuse CPU Usage: 1000 ms
GCC CPU Usage: 320 ms
