ISim log file
Running: /home/ise/HW3/part1/testbench_ac_isim_beh.exe -intstyle ise -gui -tclbatch isim.cmd -wdb /home/ise/HW3/part1/testbench_ac_isim_beh.wdb 
ISim P.20131013 (signature 0xfbc00daa)
----------------------------------------------------------------------
INFO:Security:61 - The XILINXD_LICENSE_FILE environment variable is not set.
INFO:Security:63 - The LM_LICENSE_FILE environment variable is not set.
INFO:Security:68 - For more information or for assistance in obtaining 
 a license, please run the Xilinx License Configuration Manager
       (xlcm or "Manage Xilinx Licenses".)
INFO:Security:68a - user is ise, on host localhost.localdomain.
INFO:Security:15 - A feature for ISIM was found but is for the wrong hostid.
ERROR:Security:14 - No feature was available for 'ISIM'.

Invalid host.
 The hostid of this system does not match the hostid
 specified in the license file.
Feature:       ISIM
Hostid:        08002768c935
License path:  /home/ise/.Xilinx/Xilinx.lic:/opt/Xilinx/14.7/ISE_DS/ISE//data/*.lic:/opt/Xilinx/14.7/ISE_DS/ISE//coregen/core_licenses/Xilinx.lic:/opt/Xilinx/14.7/ISE_DS/ISE//coregen/core_licenses/XilinxFree.lic:/opt/Xilinx/14.7/ISE_DS/EDK/data/core_licenses/Xilinx.lic:
FLEXnet Licensing error:-9,57
For further information, refer to the FLEXnet Licensing documentation,
available at "www.flexerasoftware.com".
----------------------------------------------------------------------
WARNING: A full ISim License cannot be checked out due to the issues listed above. Please use Xilinx License Configuration Manager to fix these issues in order to check out a full ISim license.
WARNING: ISim will run in Lite mode. Please refer to the ISim documentation for more information on the differences between the Lite and the Full version.
This is a Lite version of ISim.
Time resolution is 1 ps
# onerror resume
# wave add /
# run 1000 ns
Simulator is doing circuit initialization process.
Finished circuit initialization process.
Time=                   0 | A=0 C=0 | Q=1
Initial value of Q is correct and set to 1.
Success: Q remains 1 with A=0, C=0 as expected.
Time=               10000 | A=0 C=1 | Q=1
Time=               15000 | A=0 C=1 | Q=0
Success: Q toggled to 0 with A=0, C=1 as expected.
Time=               25000 | A=0 C=1 | Q=1
Success: Q toggled back to 1 with A=0, C=1 as expected.
Time=               30000 | A=1 C=0 | Q=1
Success: Q set to 1 with A=1, C=0 as expected.
Time=               40000 | A=1 C=1 | Q=1
Success: Q remains 1 with A=1, C=1 as expected.
End of Simulation. Total grade:          11/11
Stopped at time : 60 ns : File "/home/ise/HW3/part1/test.v" Line 93
# exit 0
