

Microchip MPLAB XC8 Assembler V2.30 build 20200825195618 
                                                                                               Sun May 25 14:36:45 2025

Microchip MPLAB XC8 C Compiler v2.30 (Free license) build 20200825195618 Og1 
     1                           	processor	18F8722
     2                           	fnconf	rparam,??,?,0
     3                           	pagewidth 120
     4                           	opt	flic
     5                           	psect	smallconst,global,reloc=2,class=SMALLCONST,delta=1,noexec
     6                           	psect	cinit,global,reloc=2,class=CODE,delta=1
     7                           	psect	bssCOMRAM,global,class=COMRAM,space=1,delta=1,lowdata,noexec
     8                           	psect	cstackBANK0,global,class=BANK0,space=1,delta=1,lowdata,noexec
     9                           	psect	cstackCOMRAM,global,class=COMRAM,space=1,delta=1,lowdata,noexec
    10                           	psect	text0,global,reloc=2,class=CODE,delta=1
    11                           	psect	text1,global,reloc=2,class=CODE,delta=1
    12                           	psect	intcode,global,reloc=2,class=CODE,delta=1
    13                           	psect	intcode_body,global,reloc=2,class=CODE,delta=1
    14                           	psect	text3,global,reloc=2,class=CODE,delta=1,group=3
    15                           	psect	text4,global,reloc=2,class=CODE,delta=1,group=1
    16                           	psect	text5,global,reloc=2,class=CODE,delta=1,group=1
    17                           	psect	text6,global,reloc=2,class=CODE,delta=1,group=3
    18                           	psect	text7,global,reloc=2,class=CODE,delta=1,group=3
    19                           	psect	intsave_regs,global,class=BIGRAM,space=1,delta=1,noexec
    20                           	psect	rparam,global,class=COMRAM,space=1,delta=1,noexec
    21                           	psect	temp,global,ovrld,common,class=COMRAM,space=1,delta=1
    22                           	psect	idloc,global,abs,ovrld,class=IDLOC,space=5,delta=1,noexec
    23                           	psect	config,global,abs,ovrld,class=CONFIG,space=4,delta=1,noexec
    24  0000                     
    25                           ; Version 2.20
    26                           ; Generated 12/02/2020 GMT
    27                           ; 
    28                           ; Copyright © 2020, Microchip Technology Inc. and its subsidiaries ("Microchip")
    29                           ; All rights reserved.
    30                           ; 
    31                           ; This software is developed by Microchip Technology Inc. and its subsidiaries ("Microch
      +                          ip").
    32                           ; 
    33                           ; Redistribution and use in source and binary forms, with or without modification, are
    34                           ; permitted provided that the following conditions are met:
    35                           ; 
    36                           ;     1. Redistributions of source code must retain the above copyright notice, this lis
      +                          t of
    37                           ;        conditions and the following disclaimer.
    38                           ; 
    39                           ;     2. Redistributions in binary form must reproduce the above copyright notice, this 
      +                          list
    40                           ;        of conditions and the following disclaimer in the documentation and/or other
    41                           ;        materials provided with the distribution.
    42                           ; 
    43                           ;     3. Microchip's name may not be used to endorse or promote products derived from th
      +                          is
    44                           ;        software without specific prior written permission.
    45                           ; 
    46                           ; THIS SOFTWARE IS PROVIDED BY MICROCHIP "AS IS" AND ANY EXPRESS OR IMPLIED WARRANTIES,
    47                           ; INCLUDING, BUT NOT LIMITED TO, THE IMPLIED WARRANTIES OF MERCHANTABILITY AND FITNESS F
      +                          OR
    48                           ; PURPOSE ARE DISCLAIMED.  IN NO EVENT SHALL MICROCHIP BE LIABLE FOR ANY DIRECT, INDIREC
      +                          T,
    49                           ; INCIDENTAL, SPECIAL, EXEMPLARY, OR CONSEQUENTIAL DAMAGES (INCLUDING BUT NOT LIMITED TO
    50                           ; PROCUREMENT OF SUBSTITUTE GOODS OR SERVICES; LOSS OF USE, DATA OR PROFITS; OR BUSINESS
    51                           ; INTERRUPTION) HOWSOEVER CAUSED AND ON ANY THEORY OF LIABILITY, WHETHER IN CONTRACT, ST
      +                          RICT
    52                           ; LIABILITY, OR TORT (INCLUDING NEGLIGENCE OR OTHERWISE) ARISING IN ANY WAY OUT OF THE U
      +                          SE OF
    53                           ; THIS SOFTWARE, EVEN IF ADVISED OF THE POSSIBILITY OF SUCH DAMAGE.
    54                           ; 
    55                           ; 
    56                           ; Code-generator required, PIC18F8722 Definitions
    57                           ; 
    58                           ; SFR Addresses
    59  0000                     _ADRESL	set	4035
    60  0000                     _ADRESH	set	4036
    61  0000                     _ADCON2	set	4032
    62  0000                     _ADCON1	set	4033
    63  0000                     _ADCON0	set	4034
    64  0000                     _TRISH	set	3993
    65  0000                     _INTCONbits	set	4082
    66  0000                     _PIR1	set	3998
    67  0000                     _PIE1bits	set	3997
    68  0000                     _INTCON	set	4082
    69  0000                     _SPBRG1	set	4015
    70  0000                     _SPBRGH1	set	3967
    71  0000                     _BAUDCON1bits	set	3966
    72  0000                     _RCSTA1	set	4011
    73  0000                     _TXSTA1	set	4012
    74  0000                     _TRISCbits	set	3988
    75  0000                     _PIR1bits	set	3998
    76                           
    77                           	psect	smallconst
    78  001000                     __psmallconst:
    79                           	callstack 0
    80  001000  00                 	db	0
    81  001001                     STR_1:
    82  001001  74                 	db	116	;'t'
    83  001002  65                 	db	101	;'e'
    84  001003  73                 	db	115	;'s'
    85  001004  74                 	db	116	;'t'
    86  001005  52                 	db	82	;'R'
    87  001006  43                 	db	67	;'C'
    88  001007  00                 	db	0
    89  001008                     STR_2:
    90  001008  74                 	db	116	;'t'
    91  001009  65                 	db	101	;'e'
    92  00100A  73                 	db	115	;'s'
    93  00100B  74                 	db	116	;'t'
    94  00100C  54                 	db	84	;'T'
    95  00100D  58                 	db	88	;'X'
    96  00100E  00                 	db	0
    97  00100F  00                 	db	0	; dummy byte at the end
    98  0000                     
    99                           ; #config settings
   100                           
   101                           	psect	cinit
   102  0012BC                     __pcinit:
   103                           	callstack 0
   104  0012BC                     start_initialization:
   105                           	callstack 0
   106  0012BC                     __initialization:
   107                           	callstack 0
   108                           
   109                           ; Clear objects allocated to COMRAM (40 bytes)
   110  0012BC  EE00  F001         	lfsr	0,__pbssCOMRAM
   111  0012C0  0E28               	movlw	40
   112  0012C2                     clear_0:
   113  0012C2  6AEE               	clrf	postinc0,c
   114  0012C4  06E8               	decf	wreg,f,c
   115  0012C6  E1FD               	bnz	clear_0
   116  0012C8                     end_of_initialization:
   117                           	callstack 0
   118  0012C8                     __end_of__initialization:
   119                           	callstack 0
   120  0012C8  904E               	bcf	int$flags,0,c	;clear compiler interrupt flag (level 1)
   121  0012CA  924E               	bcf	int$flags,1,c	;clear compiler interrupt flag (level 2)
   122  0012CC  0E00               	movlw	low (__Lsmallconst shr (0+16))
   123  0012CE  6EF8               	movwf	tblptru,c
   124  0012D0  0E10               	movlw	high __Lsmallconst
   125  0012D2  6EF7               	movwf	tblptrh,c
   126  0012D4  0100               	movlb	0
   127  0012D6  EF6D  F009         	goto	_main	;jump to C main() function
   128                           
   129                           	psect	bssCOMRAM
   130  000001                     __pbssCOMRAM:
   131                           	callstack 0
   132  000001                     	ds	32
   133  000021                     _nout:
   134                           	callstack 0
   135  000021                     	ds	2
   136  000023                     _width:
   137                           	callstack 0
   138  000023                     	ds	2
   139  000025                     _prec:
   140                           	callstack 0
   141  000025                     	ds	2
   142  000027                     _flags:
   143                           	callstack 0
   144  000027                     	ds	2
   145                           
   146                           	psect	cstackBANK0
   147  000000                     __pcstackBANK0:
   148                           	callstack 0
   149  000000                     
   150                           ; 1 bytes @ 0x0
   151                           
   152                           	psect	cstackCOMRAM
   153  000029                     __pcstackCOMRAM:
   154                           	callstack 0
   155  000029                     fputc@c:
   156                           	callstack 0
   157                           
   158                           ; 2 bytes @ 0x0
   159  000029                     	ds	2
   160  00002B                     fputc@fp:
   161                           	callstack 0
   162                           
   163                           ; 2 bytes @ 0x2
   164  00002B                     	ds	2
   165  00002D                     ??_fputc:
   166                           
   167                           ; 1 bytes @ 0x4
   168  00002D                     	ds	5
   169  000032                     ?_vfpfcnvrt:
   170                           	callstack 0
   171  000032                     vfpfcnvrt@fp:
   172                           	callstack 0
   173                           
   174                           ; 2 bytes @ 0x9
   175  000032                     	ds	2
   176  000034                     vfpfcnvrt@fmt:
   177                           	callstack 0
   178                           
   179                           ; 2 bytes @ 0xB
   180  000034                     	ds	2
   181  000036                     vfpfcnvrt@ap:
   182                           	callstack 0
   183                           
   184                           ; 2 bytes @ 0xD
   185  000036                     	ds	2
   186  000038                     ?_vfprintf:
   187                           	callstack 0
   188  000038                     vfprintf@fp:
   189                           	callstack 0
   190                           
   191                           ; 2 bytes @ 0xF
   192  000038                     	ds	2
   193  00003A                     vfprintf@fmt:
   194                           	callstack 0
   195                           
   196                           ; 2 bytes @ 0x11
   197  00003A                     	ds	2
   198  00003C                     vfprintf@ap:
   199                           	callstack 0
   200                           
   201                           ; 2 bytes @ 0x13
   202  00003C                     	ds	2
   203  00003E                     vfprintf@cfmt:
   204                           	callstack 0
   205                           
   206                           ; 2 bytes @ 0x15
   207  00003E                     	ds	2
   208  000040                     ?_printf:
   209                           	callstack 0
   210  000040                     printf@fmt:
   211                           	callstack 0
   212                           
   213                           ; 2 bytes @ 0x17
   214  000040                     	ds	2
   215  000042                     
   216                           ; 1 bytes @ 0x19
   217  000042                     	ds	2
   218  000044                     printf@ap:
   219                           	callstack 0
   220                           
   221                           ; 2 bytes @ 0x1B
   222  000044                     	ds	2
   223  000046                     ??_highPriorityISR:
   224                           
   225                           ; 1 bytes @ 0x1D
   226  000046                     	ds	8
   227                           
   228 ;;
   229 ;;Main: autosize = 0, tempsize = 0, incstack = 0, save=0
   230 ;;
   231 ;; *************** function _main *****************
   232 ;; Defined at:
   233 ;;		line 83 in file "main.c"
   234 ;; Parameters:    Size  Location     Type
   235 ;;		None
   236 ;; Auto vars:     Size  Location     Type
   237 ;;		None
   238 ;; Return value:  Size  Location     Type
   239 ;;                  1    wreg      void 
   240 ;; Registers used:
   241 ;;		wreg, status,2, cstack
   242 ;; Tracked objects:
   243 ;;		On entry : 0/0
   244 ;;		On exit  : 0/0
   245 ;;		Unchanged: 0/0
   246 ;; Data sizes:     COMRAM   BANK0   BANK1   BANK2   BANK3   BANK4   BANK5   BANK6   BANK7   BANK8   BANK9  BANK10  BANK1
      +1  BANK12  BANK13  BANK14  BANK15
   247 ;;      Params:         0       0       0       0       0       0       0       0       0       0       0       0       
      +0       0       0       0       0
   248 ;;      Locals:         0       0       0       0       0       0       0       0       0       0       0       0       
      +0       0       0       0       0
   249 ;;      Temps:          0       0       0       0       0       0       0       0       0       0       0       0       
      +0       0       0       0       0
   250 ;;      Totals:         0       0       0       0       0       0       0       0       0       0       0       0       
      +0       0       0       0       0
   251 ;;Total ram usage:        0 bytes
   252 ;; Hardware stack levels required when called:    7
   253 ;; This function calls:
   254 ;;		_init_int
   255 ;; This function is called by:
   256 ;;		Startup code after reset
   257 ;; This function uses a non-reentrant model
   258 ;;
   259                           
   260                           	psect	text0
   261  0012DA                     __ptext0:
   262                           	callstack 0
   263  0012DA                     _main:
   264                           	callstack 24
   265  0012DA                     
   266                           ;main.c: 85:     init_int();
   267  0012DA  EC37  F009         	call	_init_int	;wreg free
   268  0012DE                     l55:
   269  0012DE  EF6F  F009         	goto	l55
   270  0012E2  EF07  F000         	goto	start
   271  0012E6                     __end_of_main:
   272                           	callstack 0
   273                           
   274 ;; *************** function _init_int *****************
   275 ;; Defined at:
   276 ;;		line 47 in file "main.c"
   277 ;; Parameters:    Size  Location     Type
   278 ;;		None
   279 ;; Auto vars:     Size  Location     Type
   280 ;;		None
   281 ;; Return value:  Size  Location     Type
   282 ;;                  1    wreg      void 
   283 ;; Registers used:
   284 ;;		wreg, status,2
   285 ;; Tracked objects:
   286 ;;		On entry : 0/0
   287 ;;		On exit  : 0/0
   288 ;;		Unchanged: 0/0
   289 ;; Data sizes:     COMRAM   BANK0   BANK1   BANK2   BANK3   BANK4   BANK5   BANK6   BANK7   BANK8   BANK9  BANK10  BANK1
      +1  BANK12  BANK13  BANK14  BANK15
   290 ;;      Params:         0       0       0       0       0       0       0       0       0       0       0       0       
      +0       0       0       0       0
   291 ;;      Locals:         0       0       0       0       0       0       0       0       0       0       0       0       
      +0       0       0       0       0
   292 ;;      Temps:          0       0       0       0       0       0       0       0       0       0       0       0       
      +0       0       0       0       0
   293 ;;      Totals:         0       0       0       0       0       0       0       0       0       0       0       0       
      +0       0       0       0       0
   294 ;;Total ram usage:        0 bytes
   295 ;; Hardware stack levels used:    1
   296 ;; Hardware stack levels required when called:    6
   297 ;; This function calls:
   298 ;;		Nothing
   299 ;; This function is called by:
   300 ;;		_main
   301 ;; This function uses a non-reentrant model
   302 ;;
   303                           
   304                           	psect	text1
   305  00126E                     __ptext1:
   306                           	callstack 0
   307  00126E                     _init_int:
   308                           	callstack 24
   309  00126E                     
   310                           ;main.c: 49:     TRISCbits.RC7 = 1;
   311  00126E  8E94               	bsf	148,7,c	;volatile
   312                           
   313                           ;main.c: 50:     TRISCbits.RC6 = 0;
   314  001270  9C94               	bcf	148,6,c	;volatile
   315  001272                     
   316                           ;main.c: 53:  TXSTA1 = 0x04;
   317  001272  0E04               	movlw	4
   318  001274  6EAC               	movwf	172,c	;volatile
   319                           
   320                           ;main.c: 55:  RCSTA1 = 0x90;
   321  001276  0E90               	movlw	144
   322  001278  6EAB               	movwf	171,c	;volatile
   323  00127A                     
   324                           ;main.c: 58:     BAUDCON1bits.BRG16 = 1;
   325  00127A  867E               	bsf	126,3,c	;volatile
   326                           
   327                           ;main.c: 59:     SPBRGH1 = 0x00;
   328  00127C  0E00               	movlw	0
   329  00127E  6E7F               	movwf	127,c	;volatile
   330                           
   331                           ;main.c: 60:     SPBRG1 = 0x56;
   332  001280  0E56               	movlw	86
   333  001282  6EAF               	movwf	175,c	;volatile
   334                           
   335                           ;main.c: 63:     INTCON = 0;
   336  001284  0E00               	movlw	0
   337  001286  6EF2               	movwf	242,c	;volatile
   338  001288                     
   339                           ;main.c: 64:  PIE1bits.TX1IE = 1;
   340  001288  889D               	bsf	157,4,c	;volatile
   341  00128A                     
   342                           ;main.c: 65:  PIE1bits.RC1IE = 1;
   343  00128A  8A9D               	bsf	157,5,c	;volatile
   344                           
   345                           ;main.c: 66:  PIR1 = 0;
   346  00128C  0E00               	movlw	0
   347  00128E  6E9E               	movwf	158,c	;volatile
   348  001290                     
   349                           ;main.c: 68:  INTCONbits.PEIE = 1;
   350  001290  8CF2               	bsf	242,6,c	;volatile
   351  001292                     
   352                           ;main.c: 69:  INTCONbits.GIE = 1;
   353  001292  8EF2               	bsf	242,7,c	;volatile
   354  001294  0012               	return		;funcret
   355  001296                     __end_of_init_int:
   356                           	callstack 0
   357                           
   358 ;; *************** function _highPriorityISR *****************
   359 ;; Defined at:
   360 ;;		line 35 in file "main.c"
   361 ;; Parameters:    Size  Location     Type
   362 ;;		None
   363 ;; Auto vars:     Size  Location     Type
   364 ;;		None
   365 ;; Return value:  Size  Location     Type
   366 ;;                  1    wreg      void 
   367 ;; Registers used:
   368 ;;		wreg, fsr1l, fsr1h, fsr2l, fsr2h, status,2, status,0, tblptrl, tblptrh, tblptru, cstack
   369 ;; Tracked objects:
   370 ;;		On entry : 0/0
   371 ;;		On exit  : 0/0
   372 ;;		Unchanged: 0/0
   373 ;; Data sizes:     COMRAM   BANK0   BANK1   BANK2   BANK3   BANK4   BANK5   BANK6   BANK7   BANK8   BANK9  BANK10  BANK1
      +1  BANK12  BANK13  BANK14  BANK15
   374 ;;      Params:         0       0       0       0       0       0       0       0       0       0       0       0       
      +0       0       0       0       0
   375 ;;      Locals:         0       0       0       0       0       0       0       0       0       0       0       0       
      +0       0       0       0       0
   376 ;;      Temps:          8       0       0       0       0       0       0       0       0       0       0       0       
      +0       0       0       0       0
   377 ;;      Totals:         8       0       0       0       0       0       0       0       0       0       0       0       
      +0       0       0       0       0
   378 ;;Total ram usage:        8 bytes
   379 ;; Hardware stack levels used:    1
   380 ;; Hardware stack levels required when called:    5
   381 ;; This function calls:
   382 ;;		_printf
   383 ;; This function is called by:
   384 ;;		Interrupt level 2
   385 ;; This function uses a non-reentrant model
   386 ;;
   387                           
   388                           	psect	intcode
   389  000008                     __pintcode:
   390                           	callstack 0
   391  000008                     _highPriorityISR:
   392                           	callstack 24
   393                           
   394                           ;incstack = 0
   395  000008  824E               	bsf	int$flags,1,c	;set compiler interrupt flag (level 2)
   396  00000A  EDC8  F008         	call	int_func,f	;refresh shadow registers
   397                           
   398                           	psect	intcode_body
   399  001190                     __pintcode_body:
   400                           	callstack 24
   401  001190                     int_func:
   402                           	callstack 24
   403  001190  0006               	pop		; remove dummy address from shadow register refresh
   404  001192  CFE1 F046          	movff	fsr1l,??_highPriorityISR
   405  001196  CFE2 F047          	movff	fsr1h,??_highPriorityISR+1
   406  00119A  CFD9 F048          	movff	fsr2l,??_highPriorityISR+2
   407  00119E  CFDA F049          	movff	fsr2h,??_highPriorityISR+3
   408  0011A2  CFF6 F04A          	movff	tblptrl,??_highPriorityISR+4
   409  0011A6  CFF7 F04B          	movff	tblptrh,??_highPriorityISR+5
   410  0011AA  CFF8 F04C          	movff	tblptru,??_highPriorityISR+6
   411  0011AE  CFF5 F04D          	movff	tablat,??_highPriorityISR+7
   412  0011B2                     
   413                           ;main.c: 36:  if (PIR1bits.RC1IF == 1) {
   414  0011B2  AA9E               	btfss	158,5,c	;volatile
   415  0011B4  EFDE  F008         	goto	i2u17_41
   416  0011B8  EFE0  F008         	goto	i2u17_40
   417  0011BC                     i2u17_41:
   418  0011BC  EFE9  F008         	goto	i2l41
   419  0011C0                     i2u17_40:
   420  0011C0                     
   421                           ;main.c: 37:         printf("testRC");
   422  0011C0  0E01               	movlw	low STR_1
   423  0011C2  6E40               	movwf	printf@fmt^0,c
   424  0011C4  0E10               	movlw	high STR_1
   425  0011C6  6E41               	movwf	(printf@fmt+1)^0,c
   426  0011C8  EC4B  F009         	call	_printf	;wreg free
   427  0011CC                     
   428                           ;main.c: 38:         PIR1bits.RC1IF = 0;
   429  0011CC  9A9E               	bcf	158,5,c	;volatile
   430                           
   431                           ;main.c: 39:  }
   432  0011CE  EFF6  F008         	goto	i2l44
   433  0011D2                     i2l41:
   434  0011D2  A89E               	btfss	158,4,c	;volatile
   435  0011D4  EFEE  F008         	goto	i2u18_41
   436  0011D8  EFF0  F008         	goto	i2u18_40
   437  0011DC                     i2u18_41:
   438  0011DC  EFF6  F008         	goto	i2l44
   439  0011E0                     i2u18_40:
   440  0011E0                     
   441                           ;main.c: 42:         printf("testTX");
   442  0011E0  0E08               	movlw	low STR_2
   443  0011E2  6E40               	movwf	printf@fmt^0,c
   444  0011E4  0E10               	movlw	high STR_2
   445  0011E6  6E41               	movwf	(printf@fmt+1)^0,c
   446  0011E8  EC4B  F009         	call	_printf	;wreg free
   447  0011EC                     i2l44:
   448  0011EC  C04D  FFF5         	movff	??_highPriorityISR+7,tablat
   449  0011F0  C04C  FFF8         	movff	??_highPriorityISR+6,tblptru
   450  0011F4  C04B  FFF7         	movff	??_highPriorityISR+5,tblptrh
   451  0011F8  C04A  FFF6         	movff	??_highPriorityISR+4,tblptrl
   452  0011FC  C049  FFDA         	movff	??_highPriorityISR+3,fsr2h
   453  001200  C048  FFD9         	movff	??_highPriorityISR+2,fsr2l
   454  001204  C047  FFE2         	movff	??_highPriorityISR+1,fsr1h
   455  001208  C046  FFE1         	movff	??_highPriorityISR,fsr1l
   456  00120C  924E               	bcf	int$flags,1,c	;clear compiler interrupt flag (level 2)
   457  00120E  0011               	retfie		f
   458  001210                     __end_of_highPriorityISR:
   459                           	callstack 0
   460                           
   461 ;; *************** function _printf *****************
   462 ;; Defined at:
   463 ;;		line 5 in file "/opt/microchip/xc8/v2.30/pic/sources/c99/common/printf.c"
   464 ;; Parameters:    Size  Location     Type
   465 ;;  fmt             2   23[COMRAM] PTR const unsigned char 
   466 ;;		 -> STR_2(7), STR_1(7), 
   467 ;; Auto vars:     Size  Location     Type
   468 ;;  ap              2   27[COMRAM] PTR void [1]
   469 ;;		 -> ?_printf(2), 
   470 ;;  ret             2    0        int 
   471 ;; Return value:  Size  Location     Type
   472 ;;                  2   23[COMRAM] int 
   473 ;; Registers used:
   474 ;;		wreg, fsr1l, fsr1h, fsr2l, fsr2h, status,2, status,0, tblptrl, tblptrh, tblptru, cstack
   475 ;; Tracked objects:
   476 ;;		On entry : 0/0
   477 ;;		On exit  : 0/0
   478 ;;		Unchanged: 0/0
   479 ;; Data sizes:     COMRAM   BANK0   BANK1   BANK2   BANK3   BANK4   BANK5   BANK6   BANK7   BANK8   BANK9  BANK10  BANK1
      +1  BANK12  BANK13  BANK14  BANK15
   480 ;;      Params:         2       0       0       0       0       0       0       0       0       0       0       0       
      +0       0       0       0       0
   481 ;;      Locals:         4       0       0       0       0       0       0       0       0       0       0       0       
      +0       0       0       0       0
   482 ;;      Temps:          0       0       0       0       0       0       0       0       0       0       0       0       
      +0       0       0       0       0
   483 ;;      Totals:         6       0       0       0       0       0       0       0       0       0       0       0       
      +0       0       0       0       0
   484 ;;Total ram usage:        6 bytes
   485 ;; Hardware stack levels used:    1
   486 ;; Hardware stack levels required when called:    4
   487 ;; This function calls:
   488 ;;		_vfprintf
   489 ;; This function is called by:
   490 ;;		_highPriorityISR
   491 ;; This function uses a non-reentrant model
   492 ;;
   493                           
   494                           	psect	text3
   495  001296                     __ptext3:
   496                           	callstack 0
   497  001296                     _printf:
   498                           	callstack 24
   499  001296  0E42               	movlw	low (?_printf+2)
   500  001298  6E44               	movwf	printf@ap^0,c
   501  00129A  0E00               	movlw	high (?_printf+2)
   502  00129C  6E45               	movwf	(printf@ap+1)^0,c
   503  00129E  0E00               	movlw	0
   504  0012A0  6E38               	movwf	vfprintf@fp^0,c
   505  0012A2  0E00               	movlw	0
   506  0012A4  6E39               	movwf	(vfprintf@fp+1)^0,c
   507  0012A6  C040  F03A         	movff	printf@fmt,vfprintf@fmt
   508  0012AA  C041  F03B         	movff	printf@fmt+1,vfprintf@fmt+1
   509  0012AE  0E44               	movlw	low printf@ap
   510  0012B0  6E3C               	movwf	vfprintf@ap^0,c
   511  0012B2  0E00               	movlw	high printf@ap
   512  0012B4  6E3D               	movwf	(vfprintf@ap+1)^0,c
   513  0012B6  EC08  F009         	call	_vfprintf	;wreg free
   514  0012BA  0012               	return		;funcret
   515  0012BC                     __end_of_printf:
   516                           	callstack 0
   517                           
   518 ;; *************** function _vfprintf *****************
   519 ;; Defined at:
   520 ;;		line 1390 in file "/opt/microchip/xc8/v2.30/pic/sources/c99/common/doprnt.c"
   521 ;; Parameters:    Size  Location     Type
   522 ;;  fp              2   15[COMRAM] PTR struct _IO_FILE
   523 ;;		 -> NULL(0), 
   524 ;;  fmt             2   17[COMRAM] PTR const unsigned char 
   525 ;;		 -> STR_2(7), STR_1(7), 
   526 ;;  ap              2   19[COMRAM] PTR PTR void 
   527 ;;		 -> printf@ap(2), 
   528 ;; Auto vars:     Size  Location     Type
   529 ;;  cfmt            2   21[COMRAM] PTR unsigned char 
   530 ;;		 -> STR_2(7), STR_1(7), 
   531 ;; Return value:  Size  Location     Type
   532 ;;                  2   15[COMRAM] int 
   533 ;; Registers used:
   534 ;;		wreg, fsr1l, fsr1h, fsr2l, fsr2h, status,2, status,0, tblptrl, tblptrh, tblptru, cstack
   535 ;; Tracked objects:
   536 ;;		On entry : 0/0
   537 ;;		On exit  : 0/0
   538 ;;		Unchanged: 0/0
   539 ;; Data sizes:     COMRAM   BANK0   BANK1   BANK2   BANK3   BANK4   BANK5   BANK6   BANK7   BANK8   BANK9  BANK10  BANK1
      +1  BANK12  BANK13  BANK14  BANK15
   540 ;;      Params:         6       0       0       0       0       0       0       0       0       0       0       0       
      +0       0       0       0       0
   541 ;;      Locals:         2       0       0       0       0       0       0       0       0       0       0       0       
      +0       0       0       0       0
   542 ;;      Temps:          0       0       0       0       0       0       0       0       0       0       0       0       
      +0       0       0       0       0
   543 ;;      Totals:         8       0       0       0       0       0       0       0       0       0       0       0       
      +0       0       0       0       0
   544 ;;Total ram usage:        8 bytes
   545 ;; Hardware stack levels used:    1
   546 ;; Hardware stack levels required when called:    3
   547 ;; This function calls:
   548 ;;		_vfpfcnvrt
   549 ;; This function is called by:
   550 ;;		_printf
   551 ;; This function uses a non-reentrant model
   552 ;;
   553                           
   554                           	psect	text4
   555  001210                     __ptext4:
   556                           	callstack 0
   557  001210                     _vfprintf:
   558                           	callstack 24
   559  001210                     
   560                           ;/opt/microchip/xc8/v2.30/pic/sources/c99/common/doprnt.c: 1390: int vfprintf(FILE *fp, 
      +                          const char *fmt, va_list ap);/opt/microchip/xc8/v2.30/pic/sources/c99/common/doprnt.c: 1
      +                          391: {;/opt/microchip/xc8/v2.30/pic/sources/c99/common/doprnt.c: 1393:     char *cfmt;;/
      +                          opt/microchip/xc8/v2.30/pic/sources/c99/common/doprnt.c: 1395:     cfmt = (char *)fmt;
   561  001210  C03A  F03E         	movff	vfprintf@fmt,vfprintf@cfmt
   562  001214  C03B  F03F         	movff	vfprintf@fmt+1,vfprintf@cfmt+1
   563  001218                     
   564                           ;/opt/microchip/xc8/v2.30/pic/sources/c99/common/doprnt.c: 1396:     nout = 0;
   565  001218  0E00               	movlw	0
   566  00121A  6E22               	movwf	(_nout+1)^0,c
   567  00121C  0E00               	movlw	0
   568  00121E  6E21               	movwf	_nout^0,c
   569                           
   570                           ;/opt/microchip/xc8/v2.30/pic/sources/c99/common/doprnt.c: 1397:     while (*cfmt) {
   571  001220  EF24  F009         	goto	i2l947
   572  001224                     i2l945:
   573                           
   574                           ;/opt/microchip/xc8/v2.30/pic/sources/c99/common/doprnt.c: 1398:         nout += vfpfcnv
      +                          rt(fp, &cfmt, ap);
   575  001224  C038  F032         	movff	vfprintf@fp,vfpfcnvrt@fp
   576  001228  C039  F033         	movff	vfprintf@fp+1,vfpfcnvrt@fp+1
   577  00122C  0E3E               	movlw	low vfprintf@cfmt
   578  00122E  6E34               	movwf	vfpfcnvrt@fmt^0,c
   579  001230  0E00               	movlw	high vfprintf@cfmt
   580  001232  6E35               	movwf	(vfpfcnvrt@fmt+1)^0,c
   581  001234  C03C  F036         	movff	vfprintf@ap,vfpfcnvrt@ap
   582  001238  C03D  F037         	movff	vfprintf@ap+1,vfpfcnvrt@ap+1
   583  00123C  EC08  F008         	call	_vfpfcnvrt	;wreg free
   584  001240  5032               	movf	?_vfpfcnvrt^0,w,c
   585  001242  2621               	addwf	_nout^0,f,c
   586  001244  5033               	movf	(?_vfpfcnvrt+1)^0,w,c
   587  001246  2222               	addwfc	(_nout+1)^0,f,c
   588  001248                     i2l947:
   589                           
   590                           ;/opt/microchip/xc8/v2.30/pic/sources/c99/common/doprnt.c: 1397:     while (*cfmt) {
   591  001248  C03E  FFF6         	movff	vfprintf@cfmt,tblptrl
   592  00124C  C03F  FFF7         	movff	vfprintf@cfmt+1,tblptrh
   593  001250                     	if	0	;tblptru may be non-zero
   594  001250                     	endif
   595  001250                     	if	0	;tblptru may be non-zero
   596  001250                     	endif
   597  001250  0008               	tblrd		*
   598  001252  50F5               	movf	tablat,w,c
   599  001254  0900               	iorlw	0
   600  001256  A4D8               	btfss	status,2,c
   601  001258  EF30  F009         	goto	i2u16_41
   602  00125C  EF32  F009         	goto	i2u16_40
   603  001260                     i2u16_41:
   604  001260  EF12  F009         	goto	i2l945
   605  001264                     i2u16_40:
   606  001264                     
   607                           ;/opt/microchip/xc8/v2.30/pic/sources/c99/common/doprnt.c: 1400:     return nout;
   608  001264  C021  F038         	movff	_nout,?_vfprintf
   609  001268  C022  F039         	movff	_nout+1,?_vfprintf+1
   610  00126C  0012               	return		;funcret
   611  00126E                     __end_of_vfprintf:
   612                           	callstack 0
   613                           
   614 ;; *************** function _vfpfcnvrt *****************
   615 ;; Defined at:
   616 ;;		line 692 in file "/opt/microchip/xc8/v2.30/pic/sources/c99/common/doprnt.c"
   617 ;; Parameters:    Size  Location     Type
   618 ;;  fp              2    9[COMRAM] PTR struct _IO_FILE
   619 ;;		 -> NULL(0), 
   620 ;;  fmt             2   11[COMRAM] PTR PTR unsigned char 
   621 ;;		 -> vfprintf@cfmt(2), 
   622 ;;  ap              2   13[COMRAM] PTR PTR void 
   623 ;;		 -> printf@ap(2), 
   624 ;; Auto vars:     Size  Location     Type
   625 ;;  llu             8    0        unsigned long long 
   626 ;;  ll              8    0        long long 
   627 ;;  f               4    0        long long 
   628 ;;  vp              3    0        PTR void 
   629 ;;  ct              3    0        unsigned char [3]
   630 ;;  cp              3    0        PTR unsigned char 
   631 ;;  i               2    0        int 
   632 ;;  done            2    0        int 
   633 ;;  c               1    0        unsigned char 
   634 ;; Return value:  Size  Location     Type
   635 ;;                  2    9[COMRAM] int 
   636 ;; Registers used:
   637 ;;		wreg, fsr1l, fsr1h, fsr2l, fsr2h, status,2, status,0, tblptrl, tblptrh, tblptru, cstack
   638 ;; Tracked objects:
   639 ;;		On entry : 0/0
   640 ;;		On exit  : 0/0
   641 ;;		Unchanged: 0/0
   642 ;; Data sizes:     COMRAM   BANK0   BANK1   BANK2   BANK3   BANK4   BANK5   BANK6   BANK7   BANK8   BANK9  BANK10  BANK1
      +1  BANK12  BANK13  BANK14  BANK15
   643 ;;      Params:         6       0       0       0       0       0       0       0       0       0       0       0       
      +0       0       0       0       0
   644 ;;      Locals:         0       0       0       0       0       0       0       0       0       0       0       0       
      +0       0       0       0       0
   645 ;;      Temps:          0       0       0       0       0       0       0       0       0       0       0       0       
      +0       0       0       0       0
   646 ;;      Totals:         6       0       0       0       0       0       0       0       0       0       0       0       
      +0       0       0       0       0
   647 ;;Total ram usage:        6 bytes
   648 ;; Hardware stack levels used:    1
   649 ;; Hardware stack levels required when called:    2
   650 ;; This function calls:
   651 ;;		_fputc
   652 ;; This function is called by:
   653 ;;		_vfprintf
   654 ;; This function uses a non-reentrant model
   655 ;;
   656                           
   657                           	psect	text5
   658  001010                     __ptext5:
   659                           	callstack 0
   660  001010                     _vfpfcnvrt:
   661                           	callstack 24
   662  001010                     
   663                           ;/opt/microchip/xc8/v2.30/pic/sources/c99/common/doprnt.c: 692: static int vfpfcnvrt(FIL
      +                          E *fp, char *fmt[], va_list ap);/opt/microchip/xc8/v2.30/pic/sources/c99/common/doprnt.c
      +                          : 693: {;/opt/microchip/xc8/v2.30/pic/sources/c99/common/doprnt.c: 694:     char c, *cp,
      +                           ct[3];;/opt/microchip/xc8/v2.30/pic/sources/c99/common/doprnt.c: 695:     int done, i;;
      +                          /opt/microchip/xc8/v2.30/pic/sources/c99/common/doprnt.c: 696:     long long ll;;/opt/mi
      +                          crochip/xc8/v2.30/pic/sources/c99/common/doprnt.c: 697:     unsigned long long llu;
   664  001010  C034  FFD9         	movff	vfpfcnvrt@fmt,fsr2l
   665  001014  C035  FFDA         	movff	vfpfcnvrt@fmt+1,fsr2h
   666  001018  CFDE FFF6          	movff	postinc2,tblptrl
   667  00101C  CFDD FFF7          	movff	postdec2,tblptrh
   668  001020                     	if	0	;tblptru may be non-zero
   669  001020                     	endif
   670  001020                     	if	0	;tblptru may be non-zero
   671  001020                     	endif
   672  001020  0008               	tblrd		*
   673  001022  50F5               	movf	tablat,w,c
   674  001024  0A25               	xorlw	37
   675  001026  A4D8               	btfss	status,2,c
   676  001028  EF18  F008         	goto	i2u14_41
   677  00102C  EF1A  F008         	goto	i2u14_40
   678  001030                     i2u14_41:
   679  001030  EF61  F008         	goto	i2l933
   680  001034                     i2u14_40:
   681  001034                     
   682                           ;/opt/microchip/xc8/v2.30/pic/sources/c99/common/doprnt.c: 703:         ++*fmt;
   683  001034  C034  FFD9         	movff	vfpfcnvrt@fmt,fsr2l
   684  001038  C035  FFDA         	movff	vfpfcnvrt@fmt+1,fsr2h
   685  00103C  2ADE               	incf	postinc2,f,c
   686  00103E  0E00               	movlw	0
   687  001040  22DD               	addwfc	postdec2,f,c
   688  001042                     
   689                           ;/opt/microchip/xc8/v2.30/pic/sources/c99/common/doprnt.c: 705:         flags = width = 
      +                          0;
   690  001042  0E00               	movlw	0
   691  001044  6E24               	movwf	(_width+1)^0,c
   692  001046  0E00               	movlw	0
   693  001048  6E23               	movwf	_width^0,c
   694  00104A  C023  F027         	movff	_width,_flags
   695  00104E  C024  F028         	movff	_width+1,_flags+1
   696  001052                     
   697                           ;/opt/microchip/xc8/v2.30/pic/sources/c99/common/doprnt.c: 706:         prec = -1;
   698  001052  6825               	setf	_prec^0,c
   699  001054  6826               	setf	(_prec+1)^0,c
   700  001056                     
   701                           ;/opt/microchip/xc8/v2.30/pic/sources/c99/common/doprnt.c: 1372:         if ((*fmt)[0] =
      +                          = '%') {
   702  001056  C034  FFD9         	movff	vfpfcnvrt@fmt,fsr2l
   703  00105A  C035  FFDA         	movff	vfpfcnvrt@fmt+1,fsr2h
   704  00105E  CFDE FFF6          	movff	postinc2,tblptrl
   705  001062  CFDD FFF7          	movff	postdec2,tblptrh
   706  001066                     	if	0	;tblptru may be non-zero
   707  001066                     	endif
   708  001066                     	if	0	;tblptru may be non-zero
   709  001066                     	endif
   710  001066  0008               	tblrd		*
   711  001068  50F5               	movf	tablat,w,c
   712  00106A  0A25               	xorlw	37
   713  00106C  A4D8               	btfss	status,2,c
   714  00106E  EF3B  F008         	goto	i2u15_41
   715  001072  EF3D  F008         	goto	i2u15_40
   716  001076                     i2u15_41:
   717  001076  EF54  F008         	goto	i2l927
   718  00107A                     i2u15_40:
   719  00107A                     
   720                           ;/opt/microchip/xc8/v2.30/pic/sources/c99/common/doprnt.c: 1373:             ++*fmt;
   721  00107A  C034  FFD9         	movff	vfpfcnvrt@fmt,fsr2l
   722  00107E  C035  FFDA         	movff	vfpfcnvrt@fmt+1,fsr2h
   723  001082  2ADE               	incf	postinc2,f,c
   724  001084  0E00               	movlw	0
   725  001086  22DD               	addwfc	postdec2,f,c
   726  001088                     
   727                           ;/opt/microchip/xc8/v2.30/pic/sources/c99/common/doprnt.c: 1374:             fputc((int)
      +                          '%', fp);
   728  001088  0E00               	movlw	0
   729  00108A  6E2A               	movwf	(fputc@c+1)^0,c
   730  00108C  0E25               	movlw	37
   731  00108E  6E29               	movwf	fputc@c^0,c
   732  001090  C032  F02B         	movff	vfpfcnvrt@fp,fputc@fp
   733  001094  C033  F02C         	movff	vfpfcnvrt@fp+1,fputc@fp+1
   734  001098  EC7D  F008         	call	_fputc	;wreg free
   735  00109C                     i2l923:
   736                           
   737                           ;/opt/microchip/xc8/v2.30/pic/sources/c99/common/doprnt.c: 1375:             return 1;
   738  00109C  0E00               	movlw	0
   739  00109E  6E33               	movwf	(?_vfpfcnvrt+1)^0,c
   740  0010A0  0E01               	movlw	1
   741  0010A2  6E32               	movwf	?_vfpfcnvrt^0,c
   742  0010A4  EF7C  F008         	goto	i2l772
   743  0010A8                     i2l927:
   744                           
   745                           ;/opt/microchip/xc8/v2.30/pic/sources/c99/common/doprnt.c: 1379:         ++*fmt;
   746  0010A8  C034  FFD9         	movff	vfpfcnvrt@fmt,fsr2l
   747  0010AC  C035  FFDA         	movff	vfpfcnvrt@fmt+1,fsr2h
   748  0010B0  2ADE               	incf	postinc2,f,c
   749  0010B2  0E00               	movlw	0
   750  0010B4  22DD               	addwfc	postdec2,f,c
   751  0010B6                     
   752                           ;/opt/microchip/xc8/v2.30/pic/sources/c99/common/doprnt.c: 1380:         return 0;
   753  0010B6  0E00               	movlw	0
   754  0010B8  6E33               	movwf	(?_vfpfcnvrt+1)^0,c
   755  0010BA  0E00               	movlw	0
   756  0010BC  6E32               	movwf	?_vfpfcnvrt^0,c
   757  0010BE  EF7C  F008         	goto	i2l772
   758  0010C2                     i2l933:
   759                           
   760                           ;/opt/microchip/xc8/v2.30/pic/sources/c99/common/doprnt.c: 1384:     fputc((int)(*fmt)[0
      +                          ], fp);
   761  0010C2  C034  FFD9         	movff	vfpfcnvrt@fmt,fsr2l
   762  0010C6  C035  FFDA         	movff	vfpfcnvrt@fmt+1,fsr2h
   763  0010CA  CFDE FFF6          	movff	postinc2,tblptrl
   764  0010CE  CFDD FFF7          	movff	postdec2,tblptrh
   765  0010D2                     	if	0	;tblptru may be non-zero
   766  0010D2                     	endif
   767  0010D2                     	if	0	;tblptru may be non-zero
   768  0010D2                     	endif
   769  0010D2  0008               	tblrd		*
   770  0010D4  50F5               	movf	tablat,w,c
   771  0010D6  6E29               	movwf	fputc@c^0,c
   772  0010D8  6A2A               	clrf	(fputc@c+1)^0,c
   773  0010DA  C032  F02B         	movff	vfpfcnvrt@fp,fputc@fp
   774  0010DE  C033  F02C         	movff	vfpfcnvrt@fp+1,fputc@fp+1
   775  0010E2  EC7D  F008         	call	_fputc	;wreg free
   776  0010E6                     
   777                           ;/opt/microchip/xc8/v2.30/pic/sources/c99/common/doprnt.c: 1385:     ++*fmt;
   778  0010E6  C034  FFD9         	movff	vfpfcnvrt@fmt,fsr2l
   779  0010EA  C035  FFDA         	movff	vfpfcnvrt@fmt+1,fsr2h
   780  0010EE  2ADE               	incf	postinc2,f,c
   781  0010F0  0E00               	movlw	0
   782  0010F2  22DD               	addwfc	postdec2,f,c
   783  0010F4  EF4E  F008         	goto	i2l923
   784  0010F8                     i2l772:
   785  0010F8  0012               	return		;funcret
   786  0010FA                     __end_of_vfpfcnvrt:
   787                           	callstack 0
   788                           
   789 ;; *************** function _fputc *****************
   790 ;; Defined at:
   791 ;;		line 8 in file "/opt/microchip/xc8/v2.30/pic/sources/c99/common/nf_fputc.c"
   792 ;; Parameters:    Size  Location     Type
   793 ;;  c               2    0[COMRAM] int 
   794 ;;  fp              2    2[COMRAM] PTR struct _IO_FILE
   795 ;;		 -> NULL(0), 
   796 ;; Auto vars:     Size  Location     Type
   797 ;;		None
   798 ;; Return value:  Size  Location     Type
   799 ;;                  2    0[COMRAM] int 
   800 ;; Registers used:
   801 ;;		wreg, fsr1l, fsr1h, fsr2l, fsr2h, status,2, status,0, cstack
   802 ;; Tracked objects:
   803 ;;		On entry : 0/0
   804 ;;		On exit  : 0/0
   805 ;;		Unchanged: 0/0
   806 ;; Data sizes:     COMRAM   BANK0   BANK1   BANK2   BANK3   BANK4   BANK5   BANK6   BANK7   BANK8   BANK9  BANK10  BANK1
      +1  BANK12  BANK13  BANK14  BANK15
   807 ;;      Params:         4       0       0       0       0       0       0       0       0       0       0       0       
      +0       0       0       0       0
   808 ;;      Locals:         0       0       0       0       0       0       0       0       0       0       0       0       
      +0       0       0       0       0
   809 ;;      Temps:          5       0       0       0       0       0       0       0       0       0       0       0       
      +0       0       0       0       0
   810 ;;      Totals:         9       0       0       0       0       0       0       0       0       0       0       0       
      +0       0       0       0       0
   811 ;;Total ram usage:        9 bytes
   812 ;; Hardware stack levels used:    1
   813 ;; Hardware stack levels required when called:    1
   814 ;; This function calls:
   815 ;;		_putch
   816 ;; This function is called by:
   817 ;;		_vfpfcnvrt
   818 ;; This function uses a non-reentrant model
   819 ;;
   820                           
   821                           	psect	text6
   822  0010FA                     __ptext6:
   823                           	callstack 0
   824  0010FA                     _fputc:
   825                           	callstack 24
   826  0010FA  502B               	movf	fputc@fp^0,w,c
   827  0010FC  102C               	iorwf	(fputc@fp+1)^0,w,c
   828  0010FE  B4D8               	btfsc	status,2,c
   829  001100  EF84  F008         	goto	i2u10_41
   830  001104  EF86  F008         	goto	i2u10_40
   831  001108                     i2u10_41:
   832  001108  EF8F  F008         	goto	i2l899
   833  00110C                     i2u10_40:
   834  00110C  502B               	movf	fputc@fp^0,w,c
   835  00110E  102C               	iorwf	(fputc@fp+1)^0,w,c
   836  001110  A4D8               	btfss	status,2,c
   837  001112  EF8D  F008         	goto	i2u11_41
   838  001116  EF8F  F008         	goto	i2u11_40
   839  00111A                     i2u11_41:
   840  00111A  EF94  F008         	goto	i2l901
   841  00111E                     i2u11_40:
   842  00111E                     i2l899:
   843  00111E  5029               	movf	fputc@c^0,w,c
   844  001120  EC73  F009         	call	_putch
   845  001124  EFC7  F008         	goto	i2l790
   846  001128                     i2l901:
   847  001128  EE20 F004          	lfsr	2,4
   848  00112C  502B               	movf	fputc@fp^0,w,c
   849  00112E  26D9               	addwf	fsr2l,f,c
   850  001130  502C               	movf	(fputc@fp+1)^0,w,c
   851  001132  22DA               	addwfc	fsr2h,f,c
   852  001134  50DE               	movf	postinc2,w,c
   853  001136  10DE               	iorwf	postinc2,w,c
   854  001138  B4D8               	btfsc	status,2,c
   855  00113A  EFA1  F008         	goto	i2u12_41
   856  00113E  EFA3  F008         	goto	i2u12_40
   857  001142                     i2u12_41:
   858  001142  EFBE  F008         	goto	i2l905
   859  001146                     i2u12_40:
   860  001146  EE20 F004          	lfsr	2,4
   861  00114A  502B               	movf	fputc@fp^0,w,c
   862  00114C  26D9               	addwf	fsr2l,f,c
   863  00114E  502C               	movf	(fputc@fp+1)^0,w,c
   864  001150  22DA               	addwfc	fsr2h,f,c
   865  001152  EE10 F002          	lfsr	1,2
   866  001156  502B               	movf	fputc@fp^0,w,c
   867  001158  26E1               	addwf	fsr1l,f,c
   868  00115A  502C               	movf	(fputc@fp+1)^0,w,c
   869  00115C  22E2               	addwfc	fsr1h,f,c
   870  00115E  50DE               	movf	postinc2,w,c
   871  001160  5CE6               	subwf	postinc1,w,c
   872  001162  50E6               	movf	postinc1,w,c
   873  001164  0A80               	xorlw	128
   874  001166  6E31               	movwf	(??_fputc+4)^0,c
   875  001168  50DE               	movf	postinc2,w,c
   876  00116A  0A80               	xorlw	128
   877  00116C  5831               	subwfb	(??_fputc+4)^0,w,c
   878  00116E  B0D8               	btfsc	status,0,c
   879  001170  EFBC  F008         	goto	i2u13_41
   880  001174  EFBE  F008         	goto	i2u13_40
   881  001178                     i2u13_41:
   882  001178  EFC7  F008         	goto	i2l790
   883  00117C                     i2u13_40:
   884  00117C                     i2l905:
   885  00117C  EE20 F002          	lfsr	2,2
   886  001180  502B               	movf	fputc@fp^0,w,c
   887  001182  26D9               	addwf	fsr2l,f,c
   888  001184  502C               	movf	(fputc@fp+1)^0,w,c
   889  001186  22DA               	addwfc	fsr2h,f,c
   890  001188  2ADE               	incf	postinc2,f,c
   891  00118A  0E00               	movlw	0
   892  00118C  22DD               	addwfc	postdec2,f,c
   893  00118E                     i2l790:
   894  00118E  0012               	return		;funcret
   895  001190                     __end_of_fputc:
   896                           	callstack 0
   897                           
   898 ;; *************** function _putch *****************
   899 ;; Defined at:
   900 ;;		line 7 in file "/opt/microchip/xc8/v2.30/pic/sources/c99/common/putch.c"
   901 ;; Parameters:    Size  Location     Type
   902 ;;  c               1    wreg     unsigned char 
   903 ;; Auto vars:     Size  Location     Type
   904 ;;  c               1    0[COMRAM] unsigned char 
   905 ;; Return value:  Size  Location     Type
   906 ;;                  1    wreg      void 
   907 ;; Registers used:
   908 ;;		wreg
   909 ;; Tracked objects:
   910 ;;		On entry : 0/0
   911 ;;		On exit  : 0/0
   912 ;;		Unchanged: 0/0
   913 ;; Data sizes:     COMRAM   BANK0   BANK1   BANK2   BANK3   BANK4   BANK5   BANK6   BANK7   BANK8   BANK9  BANK10  BANK1
      +1  BANK12  BANK13  BANK14  BANK15
   914 ;;      Params:         0       0       0       0       0       0       0       0       0       0       0       0       
      +0       0       0       0       0
   915 ;;      Locals:         0       0       0       0       0       0       0       0       0       0       0       0       
      +0       0       0       0       0
   916 ;;      Temps:          0       0       0       0       0       0       0       0       0       0       0       0       
      +0       0       0       0       0
   917 ;;      Totals:         0       0       0       0       0       0       0       0       0       0       0       0       
      +0       0       0       0       0
   918 ;;Total ram usage:        0 bytes
   919 ;; Hardware stack levels used:    1
   920 ;; This function calls:
   921 ;;		Nothing
   922 ;; This function is called by:
   923 ;;		_fputc
   924 ;; This function uses a non-reentrant model
   925 ;;
   926                           
   927                           	psect	text7
   928  0012E6                     __ptext7:
   929                           	callstack 0
   930  0012E6                     _putch:
   931                           	callstack 24
   932  0012E6  0012               	return		;funcret
   933  0012E8                     __end_of_putch:
   934                           	callstack 0
   935                           
   936                           	psect	rparam
   937  0000                     
   938                           	psect	temp
   939  00004E                     btemp:
   940                           	callstack 0
   941  00004E                     	ds	1
   942  0000                     int$flags	set	btemp
   943  0000                     wtemp8	set	btemp+1
   944  0000                     ttemp5	set	btemp+1
   945  0000                     ttemp6	set	btemp+4
   946  0000                     ttemp7	set	btemp+8
   947                           
   948                           	psect	idloc
   949                           
   950                           ;Config register IDLOC0 @ 0x200000
   951                           ;	unspecified, using default values
   952  200000                     	org	2097152
   953  200000  FF                 	db	255
   954                           
   955                           ;Config register IDLOC1 @ 0x200001
   956                           ;	unspecified, using default values
   957  200001                     	org	2097153
   958  200001  FF                 	db	255
   959                           
   960                           ;Config register IDLOC2 @ 0x200002
   961                           ;	unspecified, using default values
   962  200002                     	org	2097154
   963  200002  FF                 	db	255
   964                           
   965                           ;Config register IDLOC3 @ 0x200003
   966                           ;	unspecified, using default values
   967  200003                     	org	2097155
   968  200003  FF                 	db	255
   969                           
   970                           ;Config register IDLOC4 @ 0x200004
   971                           ;	unspecified, using default values
   972  200004                     	org	2097156
   973  200004  FF                 	db	255
   974                           
   975                           ;Config register IDLOC5 @ 0x200005
   976                           ;	unspecified, using default values
   977  200005                     	org	2097157
   978  200005  FF                 	db	255
   979                           
   980                           ;Config register IDLOC6 @ 0x200006
   981                           ;	unspecified, using default values
   982  200006                     	org	2097158
   983  200006  FF                 	db	255
   984                           
   985                           ;Config register IDLOC7 @ 0x200007
   986                           ;	unspecified, using default values
   987  200007                     	org	2097159
   988  200007  FF                 	db	255
   989                           
   990                           	psect	config
   991                           
   992                           ; Padding undefined space
   993  300000                     	org	3145728
   994  300000  FF                 	db	255
   995                           
   996                           ;Config register CONFIG1H @ 0x300001
   997                           ;	Oscillator Selection bits
   998                           ;	OSC = HSPLL, HS oscillator, PLL enabled (Clock Frequency = 4 x FOSC1)
   999                           ;	Fail-Safe Clock Monitor Enable bit
  1000                           ;	FCMEN = OFF, Fail-Safe Clock Monitor disabled
  1001                           ;	Internal/External Oscillator Switchover bit
  1002                           ;	IESO = OFF, Two-Speed Start-up disabled
  1003  300001                     	org	3145729
  1004  300001  06                 	db	6
  1005                           
  1006                           ;Config register CONFIG2L @ 0x300002
  1007                           ;	Power-up Timer Enable bit
  1008                           ;	PWRT = OFF, PWRT disabled
  1009                           ;	Brown-out Reset Enable bits
  1010                           ;	BOREN = OFF, Brown-out Reset disabled in hardware and software
  1011                           ;	Brown-out Voltage bits
  1012                           ;	BORV = 3, Minimum setting
  1013  300002                     	org	3145730
  1014  300002  19                 	db	25
  1015                           
  1016                           ;Config register CONFIG2H @ 0x300003
  1017                           ;	Watchdog Timer
  1018                           ;	WDT = OFF, WDT disabled (control is placed on the SWDTEN bit)
  1019                           ;	Watchdog Timer Postscale Select bits
  1020                           ;	WDTPS = 32768, 1:32768
  1021  300003                     	org	3145731
  1022  300003  1E                 	db	30
  1023                           
  1024                           ;Config register CONFIG3L @ 0x300004
  1025                           ;	Processor Data Memory Mode Select bits
  1026                           ;	MODE = MC, Microcontroller mode
  1027                           ;	Address Bus Width Select bits
  1028                           ;	ADDRBW = ADDR20BIT, 20-bit Address Bus
  1029                           ;	Data Bus Width Select bit
  1030                           ;	DATABW = DATA16BIT, 16-bit External Bus mode
  1031                           ;	External Bus Data Wait Enable bit
  1032                           ;	WAIT = OFF, Wait selections are unavailable for table reads and table writes
  1033  300004                     	org	3145732
  1034  300004  F3                 	db	243
  1035                           
  1036                           ;Config register CONFIG3H @ 0x300005
  1037                           ;	CCP2 MUX bit
  1038                           ;	CCP2MX = PORTC, ECCP2 input/output is multiplexed with RC1
  1039                           ;	ECCP MUX bit
  1040                           ;	ECCPMX = PORTE, ECCP1/3 (P1B/P1C/P3B/P3C) are multiplexed onto RE6, RE5, RE4 and RE3 r
      +                          espectively
  1041                           ;	Low-Power Timer1 Oscillator Enable bit
  1042                           ;	LPT1OSC = OFF, Timer1 configured for higher power operation
  1043                           ;	MCLR Pin Enable bit
  1044                           ;	MCLRE = ON, MCLR pin enabled; RG5 input pin disabled
  1045  300005                     	org	3145733
  1046  300005  83                 	db	131
  1047                           
  1048                           ;Config register CONFIG4L @ 0x300006
  1049                           ;	Stack Full/Underflow Reset Enable bit
  1050                           ;	STVREN = ON, Stack full/underflow will cause Reset
  1051                           ;	Single-Supply ICSP Enable bit
  1052                           ;	LVP = OFF, Single-Supply ICSP disabled
  1053                           ;	Boot Block Size Select bits
  1054                           ;	BBSIZ = BB2K, 1K word (2 Kbytes) Boot Block size
  1055                           ;	Extended Instruction Set Enable bit
  1056                           ;	XINST = OFF, Instruction set extension and Indexed Addressing mode disabled (Legacy mo
      +                          de)
  1057                           ;	Background Debugger Enable bit
  1058                           ;	DEBUG = ON, Background debugger enabled, RB6 and RB7 are dedicated to In-Circuit Debug
  1059  300006                     	org	3145734
  1060  300006  01                 	db	1
  1061                           
  1062                           ; Padding undefined space
  1063  300007                     	org	3145735
  1064  300007  FF                 	db	255
  1065                           
  1066                           ;Config register CONFIG5L @ 0x300008
  1067                           ;	Code Protection bit Block 0
  1068                           ;	CP0 = OFF, Block 0 (000800, 001000 or 002000-003FFFh) not code-protected
  1069                           ;	Code Protection bit Block 1
  1070                           ;	CP1 = OFF, Block 1 (004000-007FFFh) not code-protected
  1071                           ;	Code Protection bit Block 2
  1072                           ;	CP2 = OFF, Block 2 (008000-00BFFFh) not code-protected
  1073                           ;	Code Protection bit Block 3
  1074                           ;	CP3 = OFF, Block 3 (00C000-00FFFFh) not code-protected
  1075                           ;	Code Protection bit Block 4
  1076                           ;	CP4 = OFF, Block 4 (010000-013FFFh) not code-protected
  1077                           ;	Code Protection bit Block 5
  1078                           ;	CP5 = OFF, Block 5 (014000-017FFFh) not code-protected
  1079                           ;	Code Protection bit Block 6
  1080                           ;	CP6 = OFF, Block 6 (01BFFF-018000h) not code-protected
  1081                           ;	Code Protection bit Block 7
  1082                           ;	CP7 = OFF, Block 7 (01C000-01FFFFh) not code-protected
  1083  300008                     	org	3145736
  1084  300008  FF                 	db	255
  1085                           
  1086                           ;Config register CONFIG5H @ 0x300009
  1087                           ;	Boot Block Code Protection bit
  1088                           ;	CPB = OFF, Boot Block (000000-0007FFh) not code-protected
  1089                           ;	Data EEPROM Code Protection bit
  1090                           ;	CPD = OFF, Data EEPROM not code-protected
  1091  300009                     	org	3145737
  1092  300009  C0                 	db	192
  1093                           
  1094                           ;Config register CONFIG6L @ 0x30000A
  1095                           ;	Write Protection bit Block 0
  1096                           ;	WRT0 = OFF, Block 0 (000800, 001000 or 002000-003FFFh) not write-protected
  1097                           ;	Write Protection bit Block 1
  1098                           ;	WRT1 = OFF, Block 1 (004000-007FFFh) not write-protected
  1099                           ;	Write Protection bit Block 2
  1100                           ;	WRT2 = OFF, Block 2 (008000-00BFFFh) not write-protected
  1101                           ;	Write Protection bit Block 3
  1102                           ;	WRT3 = OFF, Block 3 (00C000-00FFFFh) not write-protected
  1103                           ;	Write Protection bit Block 4
  1104                           ;	WRT4 = OFF, Block 4 (010000-013FFFh) not write-protected
  1105                           ;	Write Protection bit Block 5
  1106                           ;	WRT5 = OFF, Block 5 (014000-017FFFh) not write-protected
  1107                           ;	Write Protection bit Block 6
  1108                           ;	WRT6 = OFF, Block 6 (01BFFF-018000h) not write-protected
  1109                           ;	Write Protection bit Block 7
  1110                           ;	WRT7 = OFF, Block 7 (01C000-01FFFFh) not write-protected
  1111  30000A                     	org	3145738
  1112  30000A  FF                 	db	255
  1113                           
  1114                           ;Config register CONFIG6H @ 0x30000B
  1115                           ;	Configuration Register Write Protection bit
  1116                           ;	WRTC = OFF, Configuration registers (300000-3000FFh) not write-protected
  1117                           ;	Boot Block Write Protection bit
  1118                           ;	WRTB = OFF, Boot Block (000000-007FFF, 000FFF or 001FFFh) not write-protected
  1119                           ;	Data EEPROM Write Protection bit
  1120                           ;	WRTD = OFF, Data EEPROM not write-protected
  1121  30000B                     	org	3145739
  1122  30000B  E0                 	db	224
  1123                           
  1124                           ;Config register CONFIG7L @ 0x30000C
  1125                           ;	Table Read Protection bit Block 0
  1126                           ;	EBTR0 = OFF, Block 0 (000800, 001000 or 002000-003FFFh) not protected from table reads
      +                           executed in other blocks
  1127                           ;	Table Read Protection bit Block 1
  1128                           ;	EBTR1 = OFF, Block 1 (004000-007FFFh) not protected from table reads executed in other
      +                           blocks
  1129                           ;	Table Read Protection bit Block 2
  1130                           ;	EBTR2 = OFF, Block 2 (008000-00BFFFh) not protected from table reads executed in other
      +                           blocks
  1131                           ;	Table Read Protection bit Block 3
  1132                           ;	EBTR3 = OFF, Block 3 (00C000-00FFFFh) not protected from table reads executed in other
      +                           blocks
  1133                           ;	Table Read Protection bit Block 4
  1134                           ;	EBTR4 = OFF, Block 4 (010000-013FFFh) not protected from table reads executed in other
      +                           blocks
  1135                           ;	Table Read Protection bit Block 5
  1136                           ;	EBTR5 = OFF, Block 5 (014000-017FFFh) not protected from table reads executed in other
      +                           blocks
  1137                           ;	Table Read Protection bit Block 6
  1138                           ;	EBTR6 = OFF, Block 6 (018000-01BFFFh) not protected from table reads executed in other
      +                           blocks
  1139                           ;	Table Read Protection bit Block 7
  1140                           ;	EBTR7 = OFF, Block 7 (01C000-01FFFFh) not protected from table reads executed in other
      +                           blocks
  1141  30000C                     	org	3145740
  1142  30000C  FF                 	db	255
  1143                           
  1144                           ;Config register CONFIG7H @ 0x30000D
  1145                           ;	Boot Block Table Read Protection bit
  1146                           ;	EBTRB = OFF, Boot Block (000000-007FFF, 000FFF or 001FFFh) not protected from table re
      +                          ads executed in other blocks
  1147  30000D                     	org	3145741
  1148  30000D  40                 	db	64
  1149                           tosu	equ	0xFFF
  1150                           tosh	equ	0xFFE
  1151                           tosl	equ	0xFFD
  1152                           stkptr	equ	0xFFC
  1153                           pclatu	equ	0xFFB
  1154                           pclath	equ	0xFFA
  1155                           pcl	equ	0xFF9
  1156                           tblptru	equ	0xFF8
  1157                           tblptrh	equ	0xFF7
  1158                           tblptrl	equ	0xFF6
  1159                           tablat	equ	0xFF5
  1160                           prodh	equ	0xFF4
  1161                           prodl	equ	0xFF3
  1162                           indf0	equ	0xFEF
  1163                           postinc0	equ	0xFEE
  1164                           postdec0	equ	0xFED
  1165                           preinc0	equ	0xFEC
  1166                           plusw0	equ	0xFEB
  1167                           fsr0h	equ	0xFEA
  1168                           fsr0l	equ	0xFE9
  1169                           wreg	equ	0xFE8
  1170                           indf1	equ	0xFE7
  1171                           postinc1	equ	0xFE6
  1172                           postdec1	equ	0xFE5
  1173                           preinc1	equ	0xFE4
  1174                           plusw1	equ	0xFE3
  1175                           fsr1h	equ	0xFE2
  1176                           fsr1l	equ	0xFE1
  1177                           bsr	equ	0xFE0
  1178                           indf2	equ	0xFDF
  1179                           postinc2	equ	0xFDE
  1180                           postdec2	equ	0xFDD
  1181                           preinc2	equ	0xFDC
  1182                           plusw2	equ	0xFDB
  1183                           fsr2h	equ	0xFDA
  1184                           fsr2l	equ	0xFD9
  1185                           status	equ	0xFD8

Data Sizes:
    Strings     14
    Constant    0
    Data        0
    BSS         40
    Persistent  0
    Stack       0

Auto Spaces:
    Space          Size  Autos    Used
    COMRAM           94     37      77
    BANK0           160      0       0
    BANK1           256      0       0
    BANK2           256      0       0
    BANK3           256      0       0
    BANK4           256      0       0
    BANK5           256      0       0
    BANK6           256      0       0
    BANK7           256      0       0
    BANK8           256      0       0
    BANK9           256      0       0
    BANK10          256      0       0
    BANK11          256      0       0
    BANK12          256      0       0
    BANK13          256      0       0
    BANK14          256      0       0
    BANK15           96      0       0

Pointer List with Targets:

    vfpfcnvrt@ap	PTR PTR void  size(2) Largest target is 2
		 -> printf@ap(COMRAM[2]), 

    S769_IO_FILE$buffer	PTR unsigned char  size(2) Largest target is 0

    fputc@fp.buffer	PTR unsigned char  size(2) Largest target is 0

    fputc@fp	PTR struct _IO_FILE size(2) Largest target is 0
		 -> NULL(NULL[0]), 

    vfprintf@ap	PTR PTR void  size(2) Largest target is 2
		 -> printf@ap(COMRAM[2]), 

    vfprintf@fp	PTR struct _IO_FILE size(2) Largest target is 0
		 -> NULL(NULL[0]), 

    vfprintf@fmt	PTR const unsigned char  size(2) Largest target is 7
		 -> STR_2(CODE[7]), STR_1(CODE[7]), 

    vfprintf@cfmt	PTR unsigned char  size(2) Largest target is 7
		 -> STR_2(CODE[7]), STR_1(CODE[7]), 

    vfpfcnvrt@fp	PTR struct _IO_FILE size(2) Largest target is 0
		 -> NULL(NULL[0]), 

    vfpfcnvrt@fmt	PTR PTR unsigned char  size(2) Largest target is 2
		 -> vfprintf@cfmt(COMRAM[2]), 

    printf@fmt	PTR const unsigned char  size(2) Largest target is 7
		 -> STR_2(CODE[7]), STR_1(CODE[7]), 

    printf@ap	PTR void [1] size(2) Largest target is 2
		 -> ?_printf(COMRAM[2]), 


Critical Paths under _main in COMRAM

    None.

Critical Paths under _highPriorityISR in COMRAM

    _highPriorityISR->_printf
    _printf->_vfprintf
    _vfprintf->_vfpfcnvrt
    _vfpfcnvrt->_fputc

Critical Paths under _main in BANK0

    None.

Critical Paths under _highPriorityISR in BANK0

    None.

Critical Paths under _main in BANK1

    None.

Critical Paths under _highPriorityISR in BANK1

    None.

Critical Paths under _main in BANK2

    None.

Critical Paths under _highPriorityISR in BANK2

    None.

Critical Paths under _main in BANK3

    None.

Critical Paths under _highPriorityISR in BANK3

    None.

Critical Paths under _main in BANK4

    None.

Critical Paths under _highPriorityISR in BANK4

    None.

Critical Paths under _main in BANK5

    None.

Critical Paths under _highPriorityISR in BANK5

    None.

Critical Paths under _main in BANK6

    None.

Critical Paths under _highPriorityISR in BANK6

    None.

Critical Paths under _main in BANK7

    None.

Critical Paths under _highPriorityISR in BANK7

    None.

Critical Paths under _main in BANK8

    None.

Critical Paths under _highPriorityISR in BANK8

    None.

Critical Paths under _main in BANK9

    None.

Critical Paths under _highPriorityISR in BANK9

    None.

Critical Paths under _main in BANK10

    None.

Critical Paths under _highPriorityISR in BANK10

    None.

Critical Paths under _main in BANK11

    None.

Critical Paths under _highPriorityISR in BANK11

    None.

Critical Paths under _main in BANK12

    None.

Critical Paths under _highPriorityISR in BANK12

    None.

Critical Paths under _main in BANK13

    None.

Critical Paths under _highPriorityISR in BANK13

    None.

Critical Paths under _main in BANK14

    None.

Critical Paths under _highPriorityISR in BANK14

    None.

Critical Paths under _main in BANK15

    None.

Critical Paths under _highPriorityISR in BANK15

    None.

Call Graph Tables:

 ---------------------------------------------------------------------------------
 (Depth) Function   	        Calls       Base Space   Used Autos Params    Refs
 ---------------------------------------------------------------------------------
 (0) _main                                                 0     0      0       0
                           _init_int
 ---------------------------------------------------------------------------------
 (1) _init_int                                             0     0      0       0
 ---------------------------------------------------------------------------------
 Estimated maximum stack depth 1
 ---------------------------------------------------------------------------------
 (Depth) Function   	        Calls       Base Space   Used Autos Params    Refs
 ---------------------------------------------------------------------------------
 (2) _highPriorityISR                                      8     8      0    1696
                                             29 COMRAM     8     8      0
                             _printf
 ---------------------------------------------------------------------------------
 (3) _printf                                               6     4      2    1696
                                             23 COMRAM     6     4      2
                           _vfprintf
 ---------------------------------------------------------------------------------
 (4) _vfprintf                                             8     2      6    1492
                                             15 COMRAM     8     2      6
                          _vfpfcnvrt
 ---------------------------------------------------------------------------------
 (5) _vfpfcnvrt                                           40    34      6    1142
                                              9 COMRAM     6     0      6
                              _fputc
 ---------------------------------------------------------------------------------
 (6) _fputc                                                9     5      4     716
                                              0 COMRAM     9     5      4
                              _putch
 ---------------------------------------------------------------------------------
 (7) _putch                                                1     1      0       0
 ---------------------------------------------------------------------------------
 Estimated maximum stack depth 7
 ---------------------------------------------------------------------------------

 Call Graph Graphs:

 _main (ROOT)
   _init_int

 _highPriorityISR (ROOT)
   _printf
     _vfprintf
       _vfpfcnvrt
         _fputc
           _putch

 Address spaces:
Name               Size   Autos  Total    Cost      Usage
BIGRAM             F5F      0       0      37        0.0%
EEDATA             400      0       0       0        0.0%
BITBANK14          100      0       0      33        0.0%
BANK14             100      0       0      34        0.0%
BITBANK13          100      0       0      30        0.0%
BANK13             100      0       0      31        0.0%
BITBANK12          100      0       0      28        0.0%
BANK12             100      0       0      29        0.0%
BITBANK11          100      0       0      26        0.0%
BANK11             100      0       0      27        0.0%
BITBANK10          100      0       0      24        0.0%
BANK10             100      0       0      25        0.0%
BITBANK9           100      0       0      22        0.0%
BANK9              100      0       0      23        0.0%
BITBANK8           100      0       0      20        0.0%
BANK8              100      0       0      21        0.0%
BITBANK7           100      0       0      18        0.0%
BANK7              100      0       0      19        0.0%
BITBANK6           100      0       0      16        0.0%
BANK6              100      0       0      17        0.0%
BITBANK5           100      0       0      14        0.0%
BANK5              100      0       0      15        0.0%
BITBANK4           100      0       0      12        0.0%
BANK4              100      0       0      13        0.0%
BITBANK3           100      0       0      10        0.0%
BANK3              100      0       0      11        0.0%
BITBANK2           100      0       0       8        0.0%
BANK2              100      0       0       9        0.0%
BITBANK1           100      0       0       6        0.0%
BANK1              100      0       0       7        0.0%
BITBANK0            A0      0       0       4        0.0%
BANK0               A0      0       0       5        0.0%
BITBANK15           60      0       0      35        0.0%
BANK15              60      0       0      36        0.0%
BITCOMRAM           5E      0       0       0        0.0%
COMRAM              5E     25      4D       1       81.9%
BITSFR               0      0       0     200        0.0%
SFR                  0      0       0     200        0.0%
STACK                0      0       0       2        0.0%
NULL                 0      0       0       0        0.0%
ABS                  0      0      4D      32        0.0%
DATA                 0      0      4D       3        0.0%
CODE                 0      0       0       0        0.0%


Microchip Technology PIC18 Macro Assembler V2.30 build 20200825195618 
Symbol Table                                                                                   Sun May 25 14:36:45 2025

                      l47 1294                        l55 12DE                        l56 12DE  
                     l971 128A                       l963 126E                       l973 1290  
                     l965 1272                       l975 1292                       l967 127A  
                     l969 1288                       l977 12DA                       wreg 000FE8  
                    STR_1 1001                      STR_2 1008                      i2l41 11D2  
                    _PIR1 000F9E                      i2l44 11EC                      _dbuf 0001  
                    _main 12DA                      _prec 0025                      _nout 0021  
                    fsr1h 000FE2                      fsr2h 000FDA                      fsr1l 000FE1  
                    fsr2l 000FD9                      btemp 004E                      start 000E  
            ___param_bank 000000              _BAUDCON1bits 000F7E                     ?_main 0029  
                   i2l801 12E6                     i2l901 1128                     i2l903 1146  
                   i2l911 1034                     i2l905 117C                     i2l921 1088  
                   i2l913 1042                     i2l923 109C                     i2l915 1052  
                   i2l739 12BA                     i2l772 10F8                     i2l917 1056  
                   i2l933 10C2                     i2l909 1010                     i2l941 1210  
                   i2l790 118E                     i2l935 10E6                     i2l919 107A  
                   i2l927 10A8                     i2l943 1218                     i2l951 129E  
                   i2l929 10B6                     i2l777 1264                     i2l945 1224  
                   i2l961 11E0                     i2l778 126C                     i2l947 1248  
                   i2l955 11B2                     i2l949 1296                     i2l957 11C0  
                   i2l895 10FA                     i2l959 11CC                     i2l897 110C  
                   i2l899 111E              vfpfcnvrt@fmt 0034                     _TRISH 000F99  
                   _flags 0027                     _fputc 10FA                     _width 0023  
                   _putch 12E6                     tablat 000FF5                     ttemp5 004F  
                   ttemp6 0052                     ttemp7 0056                     status 000FD8  
                   wtemp8 004F           __initialization 12BC              __end_of_main 12E6  
                  ??_main 0000             __activetblptr 000001                    _ADCON0 000FC2  
                  _ADCON1 000FC1                    _ADCON2 000FC0                    ?_fputc 0029  
                  _ADRESH 000FC4                    _ADRESL 000FC3                    ?_putch 0029  
__size_of_highPriorityISR 1208                    _INTCON 000FF2                    _RCSTA1 000FAB  
                  _SPBRG1 000FAF                    _TXSTA1 000FAC              vfprintf@cfmt 003E  
        __end_of_init_int 1296                    clear_0 12C2                    _printf 1296  
                  fputc@c 0029              __mediumconst 0000                    tblptrh 000FF7  
                  tblptrl 000FF6                    tblptru 000FF8                    putch@c 0029  
        __end_of_vfprintf 126E                __accesstop 0060   __end_of__initialization 12C8  
           ___rparam_used 000001            __pcstackCOMRAM 0029             __end_of_fputc 1190  
           __end_of_putch 12E8                   ??_fputc 002D                   ??_putch 0029  
       ??_highPriorityISR 0046                   ?_printf 0040        __size_of_vfpfcnvrt 00EA  
                 i2u10_40 110C                   i2u10_41 1108                   i2u11_40 111E  
                 i2u11_41 111A                   i2u12_40 1146                   i2u12_41 1142  
                 i2u13_40 117C                   i2u13_41 1178                   i2u14_40 1034  
                 i2u14_41 1030                   i2u15_40 107A                   i2u15_41 1076  
                 i2u16_40 1264                   i2u16_41 1260                   i2u17_40 11C0  
                 i2u17_41 11BC                   i2u18_40 11E0                   i2u18_41 11DC  
                 _SPBRGH1 000F7F                 ?_init_int 0029                   __Hparam 0000  
                 __Lparam 0000                 ?_vfprintf 0038              __psmallconst 1000  
                 __pcinit 12BC                   __ramtop 1000                   __ptext0 12DA  
                 __ptext1 126E                   __ptext3 1296                   __ptext4 1210  
                 __ptext5 1010                   __ptext6 10FA                   __ptext7 12E6  
         __size_of_printf 0026            __pintcode_body 1190      end_of_initialization 12C8  
                 fputc@fp 002B                ??_init_int 0000                   int_func 1190  
       __end_of_vfpfcnvrt 10FA                   postdec2 000FDD                   postinc0 000FEE  
                 postinc1 000FE6                   postinc2 000FDE                ??_vfprintf 003E  
               _TRISCbits 000F94               vfpfcnvrt@ap 0036               vfpfcnvrt@fp 0032  
          __end_of_printf 12BC       start_initialization 12BC           _highPriorityISR 0008  
             vfprintf@fmt 003A                  ??_printf 0042               __pbssCOMRAM 0001  
           __pcstackBANK0 0000         __size_of_init_int 0028                 __pintcode 0008  
       __size_of_vfprintf 005E   __end_of_highPriorityISR 1210               __smallconst 1000  
          __size_of_fputc 0096            __size_of_putch 0002                  _PIE1bits 000F9D  
                _PIR1bits 000F9E                 _vfpfcnvrt 1010                  __Hrparam 0000  
              vfprintf@ap 003C                  __Lrparam 0000                vfprintf@fp 0038  
            __Lsmallconst 1000                ?_vfpfcnvrt 0032          ?_highPriorityISR 0029  
           __size_of_main 000C                  _init_int 126E                  int$flags 004E  
                _vfprintf 1210                 printf@fmt 0040                _INTCONbits 000FF2  
                intlevel2 0000                  printf@ap 0044               ??_vfpfcnvrt 0038  
