Release 14.7 - xst P.20131013 (lin64)
Copyright (c) 1995-2013 Xilinx, Inc.  All rights reserved.
--> 
Parameter TMPDIR set to xst/projnav.tmp


Total REAL time to Xst completion: 0.00 secs
Total CPU time to Xst completion: 0.00 secs
 
--> 
Parameter xsthdpdir set to xst


Total REAL time to Xst completion: 0.00 secs
Total CPU time to Xst completion: 0.00 secs
 
--> 
Reading design: Board232.prj

TABLE OF CONTENTS
  1) Synthesis Options Summary
  2) HDL Compilation
  3) Design Hierarchy Analysis
  4) HDL Analysis
  5) HDL Synthesis
     5.1) HDL Synthesis Report
  6) Advanced HDL Synthesis
     6.1) Advanced HDL Synthesis Report
  7) Low Level Synthesis
  8) Partition Report
  9) Final Report
	9.1) Device utilization summary
	9.2) Partition Resource Summary
	9.3) TIMING REPORT


=========================================================================
*                      Synthesis Options Summary                        *
=========================================================================
---- Source Parameters
Input File Name                    : "Board232.prj"
Input Format                       : mixed
Ignore Synthesis Constraint File   : NO

---- Target Parameters
Output File Name                   : "Board232"
Output Format                      : NGC
Target Device                      : xc3s250e-5-cp132

---- Source Options
Top Module Name                    : Board232
Automatic FSM Extraction           : YES
FSM Encoding Algorithm             : Auto
Safe Implementation                : No
FSM Style                          : LUT
RAM Extraction                     : Yes
RAM Style                          : Auto
ROM Extraction                     : Yes
Mux Style                          : Auto
Decoder Extraction                 : YES
Priority Encoder Extraction        : Yes
Shift Register Extraction          : YES
Logical Shifter Extraction         : YES
XOR Collapsing                     : YES
ROM Style                          : Auto
Mux Extraction                     : Yes
Resource Sharing                   : YES
Asynchronous To Synchronous        : NO
Multiplier Style                   : Auto
Automatic Register Balancing       : No

---- Target Options
Add IO Buffers                     : YES
Global Maximum Fanout              : 500
Add Generic Clock Buffer(BUFG)     : 24
Register Duplication               : YES
Slice Packing                      : YES
Optimize Instantiated Primitives   : NO
Use Clock Enable                   : Yes
Use Synchronous Set                : Yes
Use Synchronous Reset              : Yes
Pack IO Registers into IOBs        : Auto
Equivalent register Removal        : YES

---- General Options
Optimization Goal                  : Speed
Optimization Effort                : 1
Keep Hierarchy                     : No
Netlist Hierarchy                  : As_Optimized
RTL Output                         : Yes
Global Optimization                : AllClockNets
Read Cores                         : YES
Write Timing Constraints           : NO
Cross Clock Analysis               : NO
Hierarchy Separator                : /
Bus Delimiter                      : <>
Case Specifier                     : Maintain
Slice Utilization Ratio            : 100
BRAM Utilization Ratio             : 100
Verilog 2001                       : YES
Auto BRAM Packing                  : NO
Slice Utilization Ratio Delta      : 5

=========================================================================


=========================================================================
*                          HDL Compilation                              *
=========================================================================
Compiling verilog file "lab3_2taha.v" in library work
Compiling verilog file "Board232.v" in library work
Module <lab3_2> compiled
Module <Board232> compiled
No errors in compilation
Analysis of file <"Board232.prj"> succeeded.
 

=========================================================================
*                     Design Hierarchy Analysis                         *
=========================================================================
Analyzing hierarchy for module <Board232> in library <work>.

Analyzing hierarchy for module <lab3_2> in library <work>.


=========================================================================
*                            HDL Analysis                               *
=========================================================================
Analyzing top module <Board232>.
WARNING:Xst:2725 - "Board232.v" line 111: Size mismatch between case item and case selector.
WARNING:Xst:2725 - "Board232.v" line 112: Size mismatch between case item and case selector.
WARNING:Xst:2725 - "Board232.v" line 113: Size mismatch between case item and case selector.
WARNING:Xst:2725 - "Board232.v" line 114: Size mismatch between case item and case selector.
WARNING:Xst:2725 - "Board232.v" line 115: Size mismatch between case item and case selector.
WARNING:Xst:2725 - "Board232.v" line 116: Size mismatch between case item and case selector.
WARNING:Xst:2725 - "Board232.v" line 117: Size mismatch between case item and case selector.
WARNING:Xst:2725 - "Board232.v" line 118: Size mismatch between case item and case selector.
WARNING:Xst:2725 - "Board232.v" line 119: Size mismatch between case item and case selector.
WARNING:Xst:2725 - "Board232.v" line 120: Size mismatch between case item and case selector.
WARNING:Xst:2725 - "Board232.v" line 121: Size mismatch between case item and case selector.
WARNING:Xst:2725 - "Board232.v" line 122: Size mismatch between case item and case selector.
WARNING:Xst:2725 - "Board232.v" line 123: Size mismatch between case item and case selector.
WARNING:Xst:2725 - "Board232.v" line 124: Size mismatch between case item and case selector.
WARNING:Xst:2725 - "Board232.v" line 125: Size mismatch between case item and case selector.
WARNING:Xst:2725 - "Board232.v" line 126: Size mismatch between case item and case selector.
WARNING:Xst:905 - "Board232.v" line 58: One or more signals are missing in the sensitivity list of always block. To enable synthesis of FPGA/CPLD hardware, XST will assume that all necessary signals are present in the sensitivity list. Please note that the result of the synthesis may differ from the initial design specification. The missing signals are:
   <seatLeft>, <moneyLeft>, <tmp_digit>
Module <Board232> is correct for synthesis.
 
Analyzing module <lab3_2> in library <work>.
Module <lab3_2> is correct for synthesis.
 

=========================================================================
*                           HDL Synthesis                               *
=========================================================================

Performing bidirectional port resolution...

Synthesizing Unit <lab3_2>.
    Related source file is "lab3_2taha.v".
    Found 1-bit register for signal <notExactFund>.
    Found 1-bit register for signal <insufficientFund>.
    Found 6-bit register for signal <moneyLeft>.
    Found 1-bit register for signal <invalidPlugSeat>.
    Found 1-bit register for signal <seatUnavailable>.
    Found 6-bit register for signal <seatLeft>.
    Found 1-bit register for signal <plugSeatUnavailable>.
    Found 1-bit register for signal <seatReady>.
    Found 6-bit down counter for signal <INDIVIDUAL_SEATS>.
    Found 6-bit comparator lessequal for signal <INDIVIDUAL_SEATS$cmp_le0000> created at line 120.
    Found 1-bit 4-to-1 multiplexer for signal <insufficientFund$mux0000>.
    Found 1-bit 4-to-1 multiplexer for signal <invalidPlugSeat$mux0000>.
    Found 6-bit down counter for signal <LOUD_SEATS>.
    Found 6-bit comparator lessequal for signal <LOUD_SEATS$cmp_le0000> created at line 148.
    Found 5-bit comparator less for signal <LOUD_SEATS$cmp_lt0000> created at line 148.
    Found 6-bit 4-to-1 multiplexer for signal <moneyLeft$mux0000>.
    Found 6-bit subtractor for signal <moneyLeft$share0000>.
    Found 6-bit comparator greater for signal <notExactFund$cmp_gt0000> created at line 111.
    Found 6-bit down counter for signal <QUIET_SEATS_WITH_PLUG>.
    Found 6-bit comparator lessequal for signal <QUIET_SEATS_WITH_PLUG$cmp_le0000> created at line 53.
    Found 5-bit comparator less for signal <QUIET_SEATS_WITH_PLUG$cmp_lt0000> created at line 53.
    Found 6-bit down counter for signal <QUIET_SEATS_WITHOUT_PLUG>.
    Found 6-bit comparator lessequal for signal <QUIET_SEATS_WITHOUT_PLUG$cmp_le0000> created at line 61.
    Found 6-bit 4-to-1 multiplexer for signal <seatLeft$mux0000>.
    Found 1-bit 4-to-1 multiplexer for signal <seatReady$mux0000>.
    Found 5-bit comparator greatequal for signal <seatUnavailable$cmp_ge0000> created at line 53.
    Found 5-bit comparator greatequal for signal <seatUnavailable$cmp_ge0001> created at line 148.
    Found 6-bit comparator greater for signal <seatUnavailable$cmp_gt0000> created at line 53.
    Found 6-bit comparator greater for signal <seatUnavailable$cmp_gt0001> created at line 61.
    Found 6-bit comparator greater for signal <seatUnavailable$cmp_gt0002> created at line 148.
    Found 1-bit 4-to-1 multiplexer for signal <seatUnavailable$mux0000>.
    Summary:
	inferred   4 Counter(s).
	inferred  18 D-type flip-flop(s).
	inferred   5 Adder/Subtractor(s).
	inferred  12 Comparator(s).
	inferred  16 Multiplexer(s).
Unit <lab3_2> synthesized.


Synthesizing Unit <Board232>.
    Related source file is "Board232.v".
WARNING:Xst:647 - Input <btn<2:1>> is never used. This port will be preserved and left unconnected if it belongs to a top-level block or it belongs to a sub-block and the hierarchy of this sub-block is preserved.
WARNING:Xst:1306 - Output <led<1:0>> is never assigned.
WARNING:Xst:646 - Signal <tmp_digit> is assigned but never used. This unconnected signal will be trimmed during the optimization process.
    Found 16x7-bit ROM for signal <seg$mux0000>.
    Found 1-of-4 decoder for signal <an>.
    Found 27-bit up counter for signal <mclk_counter>.
    Found 6-bit comparator greatequal for signal <old_tmp_digit_2$cmp_ge0000> created at line 99.
    Found 6-bit comparator greatequal for signal <old_tmp_digit_2$cmp_ge0001> created at line 101.
    Found 6-bit comparator greatequal for signal <old_tmp_digit_2$cmp_ge0002> created at line 103.
    Found 6-bit comparator greatequal for signal <old_tmp_digit_2$cmp_ge0003> created at line 75.
    Found 6-bit comparator greatequal for signal <old_tmp_digit_2$cmp_ge0004> created at line 77.
    Found 6-bit comparator greatequal for signal <old_tmp_digit_2$cmp_ge0005> created at line 79.
    Found 8-bit subtractor for signal <tmp_digit$sub0000> created at line 64.
    Found 8-bit subtractor for signal <tmp_digit$sub0001> created at line 66.
    Found 8-bit subtractor for signal <tmp_digit$sub0002> created at line 68.
    Found 8-bit subtractor for signal <tmp_digit$sub0003> created at line 88.
    Found 8-bit subtractor for signal <tmp_digit$sub0004> created at line 90.
    Found 8-bit subtractor for signal <tmp_digit$sub0005> created at line 92.
    Summary:
	inferred   1 ROM(s).
	inferred   1 Counter(s).
	inferred   6 Adder/Subtractor(s).
	inferred   6 Comparator(s).
	inferred   8 Multiplexer(s).
	inferred   1 Decoder(s).
Unit <Board232> synthesized.

INFO:Xst:1767 - HDL ADVISOR - Resource sharing has identified that some arithmetic operations in this design can share the same physical resources for reduced device utilization. For improved clock frequency you may try to disable resource sharing.

=========================================================================
HDL Synthesis Report

Macro Statistics
# ROMs                                                 : 1
 16x7-bit ROM                                          : 1
# Adders/Subtractors                                   : 11
 6-bit subtractor                                      : 5
 8-bit subtractor                                      : 6
# Counters                                             : 5
 27-bit up counter                                     : 1
 6-bit down counter                                    : 4
# Registers                                            : 8
 1-bit register                                        : 6
 6-bit register                                        : 2
# Comparators                                          : 18
 5-bit comparator greatequal                           : 2
 5-bit comparator less                                 : 2
 6-bit comparator greatequal                           : 6
 6-bit comparator greater                              : 4
 6-bit comparator lessequal                            : 4
# Multiplexers                                         : 7
 1-bit 4-to-1 multiplexer                              : 4
 6-bit 4-to-1 multiplexer                              : 2
 8-bit 4-to-1 multiplexer                              : 1
# Decoders                                             : 1
 1-of-4 decoder                                        : 1

=========================================================================

=========================================================================
*                       Advanced HDL Synthesis                          *
=========================================================================


=========================================================================
Advanced HDL Synthesis Report

Macro Statistics
# ROMs                                                 : 1
 16x7-bit ROM                                          : 1
# Adders/Subtractors                                   : 11
 6-bit subtractor                                      : 5
 8-bit subtractor                                      : 6
# Counters                                             : 5
 27-bit up counter                                     : 1
 6-bit down counter                                    : 4
# Registers                                            : 18
 Flip-Flops                                            : 18
# Comparators                                          : 18
 5-bit comparator greatequal                           : 2
 5-bit comparator less                                 : 2
 6-bit comparator greatequal                           : 6
 6-bit comparator greater                              : 4
 6-bit comparator lessequal                            : 4
# Multiplexers                                         : 7
 1-bit 4-to-1 multiplexer                              : 4
 6-bit 4-to-1 multiplexer                              : 2
 8-bit 4-to-1 multiplexer                              : 1
# Decoders                                             : 1
 1-of-4 decoder                                        : 1

=========================================================================

=========================================================================
*                         Low Level Synthesis                           *
=========================================================================
WARNING:Xst:2677 - Node <mclk_counter_26> of sequential type is unconnected in block <Board232>.

Optimizing unit <Board232> ...

Optimizing unit <lab3_2> ...

Mapping all equations...
Building and optimizing final netlist ...
Found area constraint ratio of 100 (+ 5) on block Board232, actual ratio is 5.

Final Macro Processing ...

=========================================================================
Final Register Report

Macro Statistics
# Registers                                            : 68
 Flip-Flops                                            : 68

=========================================================================

=========================================================================
*                           Partition Report                            *
=========================================================================

Partition Implementation Status
-------------------------------

  No Partitions were found in this design.

-------------------------------

=========================================================================
*                            Final Report                               *
=========================================================================
Final Results
RTL Top Level Output File Name     : Board232.ngr
Top Level Output File Name         : Board232
Output Format                      : NGC
Optimization Goal                  : Speed
Keep Hierarchy                     : No

Design Statistics
# IOs                              : 43

Cell Usage :
# BELS                             : 301
#      GND                         : 1
#      INV                         : 6
#      LUT1                        : 25
#      LUT2                        : 15
#      LUT2_D                      : 2
#      LUT3                        : 37
#      LUT3_D                      : 3
#      LUT3_L                      : 2
#      LUT4                        : 118
#      LUT4_D                      : 7
#      LUT4_L                      : 4
#      MUXCY                       : 25
#      MUXF5                       : 29
#      VCC                         : 1
#      XORCY                       : 26
# FlipFlops/Latches                : 68
#      FD                          : 37
#      FDE                         : 24
#      FDR                         : 3
#      FDS                         : 4
# Clock Buffers                    : 2
#      BUFG                        : 1
#      BUFGP                       : 1
# IO Buffers                       : 38
#      IBUF                        : 10
#      OBUF                        : 28
=========================================================================

Device utilization summary:
---------------------------

Selected Device : 3s250ecp132-5 

 Number of Slices:                      115  out of   2448     4%  
 Number of Slice Flip Flops:             68  out of   4896     1%  
 Number of 4 input LUTs:                219  out of   4896     4%  
 Number of IOs:                          43
 Number of bonded IOBs:                  39  out of     92    42%  
 Number of GCLKs:                         2  out of     24     8%  

---------------------------
Partition Resource Summary:
---------------------------

  No Partitions were found in this design.

---------------------------


=========================================================================
TIMING REPORT

NOTE: THESE TIMING NUMBERS ARE ONLY A SYNTHESIS ESTIMATE.
      FOR ACCURATE TIMING INFORMATION PLEASE REFER TO THE TRACE REPORT
      GENERATED AFTER PLACE-and-ROUTE.

Clock Information:
------------------
-----------------------------------+-------------------------+-------+
Clock Signal                       | Clock buffer(FF name)   | Load  |
-----------------------------------+-------------------------+-------+
mclk                               | BUFGP                   | 26    |
clk1(clk1:O)                       | BUFG(*)(HH/LOUD_SEATS_5)| 42    |
-----------------------------------+-------------------------+-------+
(*) This 1 clock signal(s) are generated by combinatorial logic,
and XST is not able to identify which are the primary clock signals.
Please use the CLOCK_SIGNAL constraint to specify the clock signal(s) generated by combinatorial logic.

Asynchronous Control Signals Information:
----------------------------------------
No asynchronous control signals found in this design

Timing Summary:
---------------
Speed Grade: -5

   Minimum period: 7.171ns (Maximum Frequency: 139.450MHz)
   Minimum input arrival time before clock: 8.675ns
   Maximum output required time after clock: 10.837ns
   Maximum combinational path delay: No path found

Timing Detail:
--------------
All values displayed in nanoseconds (ns)

=========================================================================
Timing constraint: Default period analysis for Clock 'mclk'
  Clock period: 4.191ns (frequency: 238.635MHz)
  Total number of paths / destination ports: 351 / 26
-------------------------------------------------------------------------
Delay:               4.191ns (Levels of Logic = 26)
  Source:            mclk_counter_1 (FF)
  Destination:       mclk_counter_25 (FF)
  Source Clock:      mclk rising
  Destination Clock: mclk rising

  Data Path: mclk_counter_1 to mclk_counter_25
                                Gate     Net
    Cell:in->out      fanout   Delay   Delay  Logical Name (Net Name)
    ----------------------------------------  ------------
     FD:C->Q               1   0.514   0.509  mclk_counter_1 (mclk_counter_1)
     LUT1:I0->O            1   0.612   0.000  Mcount_mclk_counter_cy<1>_rt (Mcount_mclk_counter_cy<1>_rt)
     MUXCY:S->O            1   0.404   0.000  Mcount_mclk_counter_cy<1> (Mcount_mclk_counter_cy<1>)
     MUXCY:CI->O           1   0.052   0.000  Mcount_mclk_counter_cy<2> (Mcount_mclk_counter_cy<2>)
     MUXCY:CI->O           1   0.052   0.000  Mcount_mclk_counter_cy<3> (Mcount_mclk_counter_cy<3>)
     MUXCY:CI->O           1   0.052   0.000  Mcount_mclk_counter_cy<4> (Mcount_mclk_counter_cy<4>)
     MUXCY:CI->O           1   0.051   0.000  Mcount_mclk_counter_cy<5> (Mcount_mclk_counter_cy<5>)
     MUXCY:CI->O           1   0.051   0.000  Mcount_mclk_counter_cy<6> (Mcount_mclk_counter_cy<6>)
     MUXCY:CI->O           1   0.051   0.000  Mcount_mclk_counter_cy<7> (Mcount_mclk_counter_cy<7>)
     MUXCY:CI->O           1   0.051   0.000  Mcount_mclk_counter_cy<8> (Mcount_mclk_counter_cy<8>)
     MUXCY:CI->O           1   0.051   0.000  Mcount_mclk_counter_cy<9> (Mcount_mclk_counter_cy<9>)
     MUXCY:CI->O           1   0.051   0.000  Mcount_mclk_counter_cy<10> (Mcount_mclk_counter_cy<10>)
     MUXCY:CI->O           1   0.051   0.000  Mcount_mclk_counter_cy<11> (Mcount_mclk_counter_cy<11>)
     MUXCY:CI->O           1   0.051   0.000  Mcount_mclk_counter_cy<12> (Mcount_mclk_counter_cy<12>)
     MUXCY:CI->O           1   0.051   0.000  Mcount_mclk_counter_cy<13> (Mcount_mclk_counter_cy<13>)
     MUXCY:CI->O           1   0.051   0.000  Mcount_mclk_counter_cy<14> (Mcount_mclk_counter_cy<14>)
     MUXCY:CI->O           1   0.051   0.000  Mcount_mclk_counter_cy<15> (Mcount_mclk_counter_cy<15>)
     MUXCY:CI->O           1   0.051   0.000  Mcount_mclk_counter_cy<16> (Mcount_mclk_counter_cy<16>)
     MUXCY:CI->O           1   0.051   0.000  Mcount_mclk_counter_cy<17> (Mcount_mclk_counter_cy<17>)
     MUXCY:CI->O           1   0.051   0.000  Mcount_mclk_counter_cy<18> (Mcount_mclk_counter_cy<18>)
     MUXCY:CI->O           1   0.051   0.000  Mcount_mclk_counter_cy<19> (Mcount_mclk_counter_cy<19>)
     MUXCY:CI->O           1   0.051   0.000  Mcount_mclk_counter_cy<20> (Mcount_mclk_counter_cy<20>)
     MUXCY:CI->O           1   0.051   0.000  Mcount_mclk_counter_cy<21> (Mcount_mclk_counter_cy<21>)
     MUXCY:CI->O           1   0.051   0.000  Mcount_mclk_counter_cy<22> (Mcount_mclk_counter_cy<22>)
     MUXCY:CI->O           1   0.051   0.000  Mcount_mclk_counter_cy<23> (Mcount_mclk_counter_cy<23>)
     MUXCY:CI->O           0   0.051   0.000  Mcount_mclk_counter_cy<24> (Mcount_mclk_counter_cy<24>)
     XORCY:CI->O           1   0.699   0.000  Mcount_mclk_counter_xor<25> (Result<25>)
     FD:D                      0.268          mclk_counter_25
    ----------------------------------------
    Total                      4.191ns (3.682ns logic, 0.509ns route)
                                       (87.9% logic, 12.1% route)

=========================================================================
Timing constraint: Default period analysis for Clock 'clk1'
  Clock period: 7.171ns (frequency: 139.450MHz)
  Total number of paths / destination ports: 941 / 71
-------------------------------------------------------------------------
Delay:               7.171ns (Levels of Logic = 6)
  Source:            HH/LOUD_SEATS_0 (FF)
  Destination:       HH/moneyLeft_3 (FF)
  Source Clock:      clk1 rising
  Destination Clock: clk1 rising

  Data Path: HH/LOUD_SEATS_0 to HH/moneyLeft_3
                                Gate     Net
    Cell:in->out      fanout   Delay   Delay  Logical Name (Net Name)
    ----------------------------------------  ------------
     FDE:C->Q             10   0.514   0.780  HH/LOUD_SEATS_0 (HH/LOUD_SEATS_0)
     LUT3_D:I2->LO         1   0.612   0.103  HH/LOUD_SEATS_cmp_le0000_SW0 (N220)
     LUT4:I3->O            9   0.612   0.727  HH/LOUD_SEATS_cmp_le0000 (HH/LOUD_SEATS_cmp_le0000)
     LUT4:I2->O            1   0.612   0.000  HH/Mmux_moneyLeft_mux00001011_F (N149)
     MUXF5:I0->O           3   0.278   0.454  HH/Mmux_moneyLeft_mux00001011 (HH/N21)
     LUT4_D:I3->LO         1   0.612   0.103  HH/Mmux_moneyLeft_mux000062 (N224)
     LUT4:I3->O            1   0.612   0.357  HH/Mmux_moneyLeft_mux00008_SW0 (N67)
     FDS:S                     0.795          HH/moneyLeft_3
    ----------------------------------------
    Total                      7.171ns (4.647ns logic, 2.524ns route)
                                       (64.8% logic, 35.2% route)

=========================================================================
Timing constraint: Default OFFSET IN BEFORE for Clock 'clk1'
  Total number of paths / destination ports: 672 / 46
-------------------------------------------------------------------------
Offset:              8.675ns (Levels of Logic = 7)
  Source:            sw<5> (PAD)
  Destination:       HH/moneyLeft_4 (FF)
  Destination Clock: clk1 rising

  Data Path: sw<5> to HH/moneyLeft_4
                                Gate     Net
    Cell:in->out      fanout   Delay   Delay  Logical Name (Net Name)
    ----------------------------------------  ------------
     IBUF:I->O            11   1.106   0.945  sw_5_IBUF (sw_5_IBUF)
     LUT3:I0->O            2   0.612   0.532  HH/INDIVIDUAL_SEATS_not0001111 (HH/N241)
     LUT3:I0->O            1   0.612   0.509  HH/INDIVIDUAL_SEATS_not0001113 (HH/INDIVIDUAL_SEATS_not0001113)
     LUT4_D:I0->O          9   0.612   0.727  HH/INDIVIDUAL_SEATS_not0001115 (HH/N27)
     LUT3_D:I2->O          4   0.612   0.529  HH/Mmux_moneyLeft_mux0000641 (HH/N26)
     LUT3:I2->O            1   0.612   0.387  HH/Mmux_moneyLeft_mux00001028 (HH/Mmux_moneyLeft_mux00001028)
     LUT4:I2->O            1   0.612   0.000  HH/Mmux_moneyLeft_mux000010561 (HH/Mmux_moneyLeft_mux00001056)
     FDS:D                     0.268          HH/moneyLeft_4
    ----------------------------------------
    Total                      8.675ns (5.046ns logic, 3.629ns route)
                                       (58.2% logic, 41.8% route)

=========================================================================
Timing constraint: Default OFFSET OUT AFTER for Clock 'mclk'
  Total number of paths / destination ports: 183 / 11
-------------------------------------------------------------------------
Offset:              8.444ns (Levels of Logic = 5)
  Source:            mclk_counter_18 (FF)
  Destination:       seg<6> (PAD)
  Source Clock:      mclk rising

  Data Path: mclk_counter_18 to seg<6>
                                Gate     Net
    Cell:in->out      fanout   Delay   Delay  Logical Name (Net Name)
    ----------------------------------------  ------------
     FD:C->Q              10   0.514   0.750  mclk_counter_18 (mclk_counter_18)
     MUXF5:S->O            1   0.641   0.509  Mmux__old_tmp_digit_21163 (Mmux__old_tmp_digit_21163)
     LUT2:I0->O           14   0.612   1.002  Mmux__old_tmp_digit_21178 (_old_tmp_digit_2<2>)
     LUT4:I0->O            1   0.612   0.000  seg<4>2 (seg<4>2)
     MUXF5:I0->O           1   0.278   0.357  seg<4>_f5 (seg_4_OBUF)
     OBUF:I->O                 3.169          seg_4_OBUF (seg<4>)
    ----------------------------------------
    Total                      8.444ns (5.826ns logic, 2.618ns route)
                                       (69.0% logic, 31.0% route)

=========================================================================
Timing constraint: Default OFFSET OUT AFTER for Clock 'clk1'
  Total number of paths / destination ports: 1175 / 13
-------------------------------------------------------------------------
Offset:              10.837ns (Levels of Logic = 8)
  Source:            HH/moneyLeft_4 (FF)
  Destination:       seg<6> (PAD)
  Source Clock:      clk1 rising

  Data Path: HH/moneyLeft_4 to seg<6>
                                Gate     Net
    Cell:in->out      fanout   Delay   Delay  Logical Name (Net Name)
    ----------------------------------------  ------------
     FDS:C->Q              8   0.514   0.795  HH/moneyLeft_4 (HH/moneyLeft_4)
     LUT2:I0->O            2   0.612   0.532  old_tmp_digit_2_mux0001<1>11 (N3)
     LUT4:I0->O            1   0.612   0.426  old_tmp_digit_2_mux0001<1>_SW0 (N50)
     LUT4:I1->O            1   0.612   0.426  old_tmp_digit_2_mux0001<1> (old_tmp_digit_2_mux0001<1>)
     LUT3:I1->O            1   0.612   0.000  Mmux__old_tmp_digit_2_31 (Mmux__old_tmp_digit_2_31)
     MUXF5:I1->O          14   0.278   1.002  Mmux__old_tmp_digit_2_2_f5_0 (_old_tmp_digit_2<1>)
     LUT4:I0->O            1   0.612   0.000  seg<2>2 (seg<2>2)
     MUXF5:I0->O           1   0.278   0.357  seg<2>_f5 (seg_2_OBUF)
     OBUF:I->O                 3.169          seg_2_OBUF (seg<2>)
    ----------------------------------------
    Total                     10.837ns (7.299ns logic, 3.538ns route)
                                       (67.4% logic, 32.6% route)

=========================================================================


Total REAL time to Xst completion: 14.00 secs
Total CPU time to Xst completion: 12.19 secs
 
--> 


Total memory usage is 613264 kilobytes

Number of errors   :    0 (   0 filtered)
Number of warnings :   21 (   0 filtered)
Number of infos    :    1 (   0 filtered)

