Running: /opt/Xilinx/14.7/ISE_DS/ISE/bin/lin64/unwrapped/fuse -intstyle ise -incremental -lib unisims_ver -lib unimacro_ver -lib xilinxcorelib_ver -o /home/ise/HW3/part2/SeatingSystemTestbench_isim_beh.exe -prj /home/ise/HW3/part2/SeatingSystemTestbench_beh.prj work.SeatingSystemTestbench work.glbl 
ISim P.20131013 (signature 0xfbc00daa)
Number of CPUs detected in this system: 1
Turning on mult-threading, number of parallel sub-compilation jobs: 0 
Determining compilation order of HDL files
Analyzing Verilog file "/home/ise/HW3/part2/lab3_2.v" into library work
Analyzing Verilog file "/home/ise/HW3/part2/part2_testbench(better_version).v" into library work
WARNING:HDLCompiler:1818 - "/home/ise/HW3/part2/part2_testbench(better_version).v" Line 59: Invalid size of integer constant literal
WARNING:HDLCompiler:1818 - "/home/ise/HW3/part2/part2_testbench(better_version).v" Line 84: Invalid size of integer constant literal
WARNING:HDLCompiler:1818 - "/home/ise/HW3/part2/part2_testbench(better_version).v" Line 111: Invalid size of integer constant literal
WARNING:HDLCompiler:1818 - "/home/ise/HW3/part2/part2_testbench(better_version).v" Line 138: Invalid size of integer constant literal
WARNING:HDLCompiler:1818 - "/home/ise/HW3/part2/part2_testbench(better_version).v" Line 171: Invalid size of integer constant literal
WARNING:HDLCompiler:1818 - "/home/ise/HW3/part2/part2_testbench(better_version).v" Line 199: Invalid size of integer constant literal
WARNING:HDLCompiler:1818 - "/home/ise/HW3/part2/part2_testbench(better_version).v" Line 226: Invalid size of integer constant literal
WARNING:HDLCompiler:1818 - "/home/ise/HW3/part2/part2_testbench(better_version).v" Line 253: Invalid size of integer constant literal
WARNING:HDLCompiler:1818 - "/home/ise/HW3/part2/part2_testbench(better_version).v" Line 280: Invalid size of integer constant literal
WARNING:HDLCompiler:1818 - "/home/ise/HW3/part2/part2_testbench(better_version).v" Line 307: Invalid size of integer constant literal
WARNING:HDLCompiler:1818 - "/home/ise/HW3/part2/part2_testbench(better_version).v" Line 341: Invalid size of integer constant literal
WARNING:HDLCompiler:1818 - "/home/ise/HW3/part2/part2_testbench(better_version).v" Line 367: Invalid size of integer constant literal
WARNING:HDLCompiler:1818 - "/home/ise/HW3/part2/part2_testbench(better_version).v" Line 394: Invalid size of integer constant literal
WARNING:HDLCompiler:1818 - "/home/ise/HW3/part2/part2_testbench(better_version).v" Line 420: Invalid size of integer constant literal
WARNING:HDLCompiler:1818 - "/home/ise/HW3/part2/part2_testbench(better_version).v" Line 447: Invalid size of integer constant literal
WARNING:HDLCompiler:1818 - "/home/ise/HW3/part2/part2_testbench(better_version).v" Line 475: Invalid size of integer constant literal
WARNING:HDLCompiler:1818 - "/home/ise/HW3/part2/part2_testbench(better_version).v" Line 501: Invalid size of integer constant literal
WARNING:HDLCompiler:1818 - "/home/ise/HW3/part2/part2_testbench(better_version).v" Line 527: Invalid size of integer constant literal
WARNING:HDLCompiler:1818 - "/home/ise/HW3/part2/part2_testbench(better_version).v" Line 554: Invalid size of integer constant literal
WARNING:HDLCompiler:1818 - "/home/ise/HW3/part2/part2_testbench(better_version).v" Line 581: Invalid size of integer constant literal
Analyzing Verilog file "/opt/Xilinx/14.7/ISE_DS/ISE//verilog/src/glbl.v" into library work
Starting static elaboration
WARNING:HDLCompiler:189 - "/home/ise/HW3/part2/part2_testbench(better_version).v" Line 26: Size mismatch in connection of port <money>. Formal port size is 5-bit while actual signal size is 6-bit.
WARNING:HDLCompiler:189 - "/home/ise/HW3/part2/part2_testbench(better_version).v" Line 31: Size mismatch in connection of port <seatLeft>. Formal port size is 6-bit while actual signal size is 5-bit.
Completed static elaboration
Fuse Memory Usage: 95088 KB
Fuse CPU Usage: 1360 ms
Compiling module lab3_2
Compiling module SeatingSystemTestbench
Compiling module glbl
Time Resolution for simulation is 1ps.
Compiled 3 Verilog Units
Built simulation executable /home/ise/HW3/part2/SeatingSystemTestbench_isim_beh.exe
Fuse Memory Usage: 100288 KB
Fuse CPU Usage: 1440 ms
GCC CPU Usage: 1130 ms
