ISim log file
Running: /home/ise/HW3/part2/SeatingSystemTestbench_isim_beh.exe -intstyle ise -gui -tclbatch isim.cmd -wdb /home/ise/HW3/part2/SeatingSystemTestbench_isim_beh.wdb 
ISim P.20131013 (signature 0xfbc00daa)
----------------------------------------------------------------------
INFO:Security:61 - The XILINXD_LICENSE_FILE environment variable is not set.
INFO:Security:63 - The LM_LICENSE_FILE environment variable is not set.
INFO:Security:68 - For more information or for assistance in obtaining 
 a license, please run the Xilinx License Configuration Manager
       (xlcm or "Manage Xilinx Licenses".)
INFO:Security:68a - user is ise, on host localhost.localdomain.
INFO:Security:15 - A feature for ISIM was found but is for the wrong hostid.
ERROR:Security:14 - No feature was available for 'ISIM'.

Invalid host.
 The hostid of this system does not match the hostid
 specified in the license file.
Feature:       ISIM
Hostid:        08002768c935
License path:  /home/ise/.Xilinx/Xilinx.lic:/opt/Xilinx/14.7/ISE_DS/ISE//data/*.lic:/opt/Xilinx/14.7/ISE_DS/ISE//coregen/core_licenses/Xilinx.lic:/opt/Xilinx/14.7/ISE_DS/ISE//coregen/core_licenses/XilinxFree.lic:/opt/Xilinx/14.7/ISE_DS/EDK/data/core_licenses/Xilinx.lic:
FLEXnet Licensing error:-9,57
For further information, refer to the FLEXnet Licensing documentation,
available at "www.flexerasoftware.com".
----------------------------------------------------------------------
WARNING: A full ISim License cannot be checked out due to the issues listed above. Please use Xilinx License Configuration Manager to fix these issues in order to check out a full ISim license.
WARNING: ISim will run in Lite mode. Please refer to the ISim documentation for more information on the differences between the Lite and the Full version.
This is a Lite version of ISim.
WARNING: File "/home/ise/HW3/part2/part2_testbench(better_version).v" Line 5.  For instance SeatingSystemTestbench/SeatingSystem/, width 5 of formal port money is not equal to width 6 of actual variable money. 
WARNING: File "/home/ise/HW3/part2/part2_testbench(better_version).v" Line 12.  For instance SeatingSystemTestbench/SeatingSystem/, width 6 of formal port seatLeft is not equal to width 5 of actual signal seatLeft.
Time resolution is 1 ps
# onerror resume
# wave add /
# run 1000 ns
Simulator is doing circuit initialization process.
Starting Testbench
Finished circuit initialization process.
Passed Case 1
Passed Case 2
Passed Case 3
Passed Case 4
Passed Case 5
Passed Case 6
Passed Case 7
Passed Case 8
Passed Case 9
Passed Case 10
Passed Case 11
Passed Case 12
Passed Case 13
Passed Case 14
Passed Case 15
Passed Case 16
Passed Case 17
Passed Case 18
Passed Case 19
Passed Case 20
# exit 0
