This is pdfTeX, Version 3.141592653-2.6-1.40.26 (TeX Live 2024) (preloaded format=pdflatex 2024.9.8)  14 MAY 2025 21:41
entering extended mode
 restricted \write18 enabled.
 file:line:error style messages enabled.
 %&-line parsing enabled.
**/Users/mcantimurcan/Desktop/ceng-3rd-year/ceng350/CENG350/HW2/main.tex
(/Users/mcantimurcan/Desktop/ceng-3rd-year/ceng350/CENG350/HW2/main.tex
LaTeX2e <2023-11-01> patch level 1
L3 programming layer <2024-02-20>
(/usr/local/texlive/2024/texmf-dist/tex/latex/base/report.cls
Document Class: report 2023/05/17 v1.4n Standard LaTeX document class
(/usr/local/texlive/2024/texmf-dist/tex/latex/base/size12.clo
File: size12.clo 2023/05/17 v1.4n Standard LaTeX file (size option)
)
\c@part=\count188
\c@chapter=\count189
\c@section=\count190
\c@subsection=\count191
\c@subsubsection=\count192
\c@paragraph=\count193
\c@subparagraph=\count194
\c@figure=\count195
\c@table=\count196
\abovecaptionskip=\skip48
\belowcaptionskip=\skip49
\bibindent=\dimen140
) (/usr/local/texlive/2024/texmf-dist/tex/latex/booktabs/booktabs.sty
Package: booktabs 2020/01/12 v1.61803398 Publication quality tables
\heavyrulewidth=\dimen141
\lightrulewidth=\dimen142
\cmidrulewidth=\dimen143
\belowrulesep=\dimen144
\belowbottomsep=\dimen145
\aboverulesep=\dimen146
\abovetopsep=\dimen147
\cmidrulesep=\dimen148
\cmidrulekern=\dimen149
\defaultaddspace=\dimen150
\@cmidla=\count197
\@cmidlb=\count198
\@aboverulesep=\dimen151
\@belowrulesep=\dimen152
\@thisruleclass=\count199
\@lastruleclass=\count266
\@thisrulewidth=\dimen153
) (/usr/local/texlive/2024/texmf-dist/tex/latex/enumitem/enumitem.sty
Package: enumitem 2019/06/20 v3.9 Customized lists
\enitkv@toks@=\toks17
\labelindent=\skip50
\enit@outerparindent=\dimen154
\enit@toks=\toks18
\enit@inbox=\box51
\enit@count@id=\count267
\enitdp@description=\count268
) (./PackagesAndSettings.tex (/usr/local/texlive/2024/texmf-dist/tex/latex/geometry/geometry.sty
Package: geometry 2020/01/02 v5.9 Page Geometry
 (/usr/local/texlive/2024/texmf-dist/tex/latex/graphics/keyval.sty
Package: keyval 2022/05/29 v1.15 key=value parser (DPC)
\KV@toks@=\toks19
) (/usr/local/texlive/2024/texmf-dist/tex/generic/iftex/ifvtex.sty
Package: ifvtex 2019/10/25 v1.7 ifvtex legacy package. Use iftex instead.
 (/usr/local/texlive/2024/texmf-dist/tex/generic/iftex/iftex.sty
Package: iftex 2022/02/03 v1.0f TeX engine tests
))
\Gm@cnth=\count269
\Gm@cntv=\count270
\c@Gm@tempcnt=\count271
\Gm@bindingoffset=\dimen155
\Gm@wd@mp=\dimen156
\Gm@odd@mp=\dimen157
\Gm@even@mp=\dimen158
\Gm@layoutwidth=\dimen159
\Gm@layoutheight=\dimen160
\Gm@layouthoffset=\dimen161
\Gm@layoutvoffset=\dimen162
\Gm@dimlist=\toks20
) (/usr/local/texlive/2024/texmf-dist/tex/latex/tocbibind/tocbibind.sty
Package: tocbibind 2010/10/13 v1.5k extra ToC listings
Package tocbibind Info: The document has chapter divisions on input line 50.


Package tocbibind Note: Using chapter style headings, unless overridden.

) (/usr/local/texlive/2024/texmf-dist/tex/latex/fancyhdr/fancyhdr.sty
Package: fancyhdr 2022/11/09 v4.1 Extensive control of page headers and footers
\f@nch@headwidth=\skip51
\f@nch@O@elh=\skip52
\f@nch@O@erh=\skip53
\f@nch@O@olh=\skip54
\f@nch@O@orh=\skip55
\f@nch@O@elf=\skip56
\f@nch@O@erf=\skip57
\f@nch@O@olf=\skip58
\f@nch@O@orf=\skip59
) (/usr/local/texlive/2024/texmf-dist/tex/latex/tools/tabularx.sty
Package: tabularx 2023/07/08 v2.11c `tabularx' package (DPC)
 (/usr/local/texlive/2024/texmf-dist/tex/latex/tools/array.sty
Package: array 2023/10/16 v2.5g Tabular extension package (FMi)
\col@sep=\dimen163
\ar@mcellbox=\box52
\extrarowheight=\dimen164
\NC@list=\toks21
\extratabsurround=\skip60
\backup@length=\skip61
\ar@cellbox=\box53
)
\TX@col@width=\dimen165
\TX@old@table=\dimen166
\TX@old@col=\dimen167
\TX@target=\dimen168
\TX@delta=\dimen169
\TX@cols=\count272
\TX@ftn=\toks22
) (/usr/local/texlive/2024/texmf-dist/tex/latex/tools/xr.sty
Package: xr 2023-07-04 v5.06 eXternal References (DPC)
) (/usr/local/texlive/2024/texmf-dist/tex/generic/babel/babel.sty
Package: babel 2024/02/07 v24.2 The Babel package
\babel@savecnt=\count273
\U@D=\dimen170
\l@unhyphenated=\language89
 (/usr/local/texlive/2024/texmf-dist/tex/generic/babel/txtbabel.def)
\bbl@readstream=\read2
\bbl@dirlevel=\count274
 (/usr/local/texlive/2024/texmf-dist/tex/generic/babel-english/english.ldf
Language: english 2017/06/06 v3.3r English support from the babel system
Package babel Info: Hyphen rules for 'canadian' set to \l@english
(babel)             (\language0). Reported on input line 102.
Package babel Info: Hyphen rules for 'australian' set to \l@ukenglish
(babel)             (\language23). Reported on input line 105.
Package babel Info: Hyphen rules for 'newzealand' set to \l@ukenglish
(babel)             (\language23). Reported on input line 108.
)) (/usr/local/texlive/2024/texmf-dist/tex/generic/babel/locale/en/babel-english.tex
Package babel Info: Importing font and identification data for english
(babel)             from babel-en.ini. Reported on input line 11.
) (/usr/local/texlive/2024/texmf-dist/tex/latex/base/inputenc.sty
Package: inputenc 2021/02/14 v1.3d Input encoding file
\inpenc@prehook=\toks23
\inpenc@posthook=\toks24
) (/usr/local/texlive/2024/texmf-dist/tex/latex/graphics/graphicx.sty
Package: graphicx 2021/09/16 v1.2d Enhanced LaTeX Graphics (DPC,SPQR)
 (/usr/local/texlive/2024/texmf-dist/tex/latex/graphics/graphics.sty
Package: graphics 2022/03/10 v1.4e Standard LaTeX Graphics (DPC,SPQR)
 (/usr/local/texlive/2024/texmf-dist/tex/latex/graphics/trig.sty
Package: trig 2021/08/11 v1.11 sin cos tan (DPC)
) (/usr/local/texlive/2024/texmf-dist/tex/latex/graphics-cfg/graphics.cfg
File: graphics.cfg 2016/06/04 v1.11 sample graphics configuration
)
Package graphics Info: Driver file: pdftex.def on input line 107.
 (/usr/local/texlive/2024/texmf-dist/tex/latex/graphics-def/pdftex.def
File: pdftex.def 2022/09/22 v1.2b Graphics/color driver for pdftex
))
\Gin@req@height=\dimen171
\Gin@req@width=\dimen172
) (/usr/local/texlive/2024/texmf-dist/tex/latex/titling/titling.sty
Package: titling 2009/09/04 v2.1d maketitle typesetting
\thanksmarkwidth=\skip62
\thanksmargin=\skip63
\droptitle=\skip64
) (/usr/local/texlive/2024/texmf-dist/tex/latex/datetime/datetime.sty
Package: datetime 2015/03/20 v2.60 Date Time Package
 (/usr/local/texlive/2024/texmf-dist/tex/latex/etoolbox/etoolbox.sty
Package: etoolbox 2020/10/05 v2.5k e-TeX tools for LaTeX (JAW)
\etb@tempcnta=\count275
) (/usr/local/texlive/2024/texmf-dist/tex/latex/fmtcount/fmtcount.sty
Package: fmtcount 2020/01/30 v3.07
 (/usr/local/texlive/2024/texmf-dist/tex/latex/base/ifthen.sty
Package: ifthen 2022/04/13 v1.1d Standard LaTeX ifthen package (DPC)
) (/usr/local/texlive/2024/texmf-dist/tex/latex/xkeyval/xkeyval.sty
Package: xkeyval 2022/06/16 v2.9 package option processing (HA)
 (/usr/local/texlive/2024/texmf-dist/tex/generic/xkeyval/xkeyval.tex (/usr/local/texlive/2024/texmf-dist/tex/generic/xkeyval/xkvutils.tex
\XKV@toks=\toks25
\XKV@tempa@toks=\toks26
)
\XKV@depth=\count276
File: xkeyval.tex 2014/12/03 v2.7a key=value parser (HA)
)) (/usr/local/texlive/2024/texmf-dist/tex/latex/fmtcount/fcprefix.sty
Package: fcprefix 2012/09/28
 (/usr/local/texlive/2024/texmf-dist/tex/latex/fmtcount/fcnumparser.sty
Package: fcnumparser 2017/06/15
\fc@digit@counter=\count277
)) (/usr/local/texlive/2024/texmf-dist/tex/latex/amsmath/amsgen.sty
File: amsgen.sty 1999/11/30 v2.0 generic functions
\@emptytoks=\toks27
\ex@=\dimen173
)
\c@padzeroesN=\count278
\fc@tmpcatcode=\count279
 (/usr/local/texlive/2024/texmf-dist/tex/latex/fmtcount/fc-english.def
File: fc-english.def 2016/01/12
)
\@DT@modctr=\count280
\@ordinalctr=\count281
\@orgargctr=\count282
\@strctr=\count283
\@tmpstrctr=\count284
\@DT@loopN=\count285
\@DT@X=\count286
) (/usr/local/texlive/2024/texmf-dist/tex/latex/datetime/datetime-defaults.sty
Package: datetime-defaults 2013/09/10
)
\@day=\count287
\@month=\count288
\@year=\count289
\c@HOUR=\count290
\c@HOURXII=\count291
\c@MINUTE=\count292
\c@TOHOUR=\count293
\c@TOMINUTE=\count294
\c@SECOND=\count295
\currenthour=\count296
\currentminute=\count297
\currentsecond=\count298
Package datetime Info: No datetime.cfg file found, using default settings on input line 308.
\@dtctr=\count299
\dayofyear=\count300
\dayofweek=\count301
LaTeX Info: Redefining \today on input line 736.
\dt@a=\toks28
\dt@b=\toks29
) (/usr/local/texlive/2024/texmf-dist/tex/latex/glossaries/base/glossaries.sty
Package: glossaries 2023/09/29 v4.53 (NLCT)
 (/usr/local/texlive/2024/texmf-dist/tex/latex/mfirstuc/mfirstuc.sty
Package: mfirstuc 2022/10/14 v2.08 (NLCT)
\@glsmfirst=\toks30
\@glsmrest=\toks31
) (/usr/local/texlive/2024/texmf-dist/tex/latex/xfor/xfor.sty
Package: xfor 2009/02/05 v1.05 (NLCT)
) (/usr/local/texlive/2024/texmf-dist/tex/latex/datatool/datatool-base.sty
Package: datatool-base 2019/09/27 v2.32 (NLCT)
 (/usr/local/texlive/2024/texmf-dist/tex/latex/amsmath/amsmath.sty
Package: amsmath 2023/05/13 v2.17o AMS math features
\@mathmargin=\skip65

For additional information on amsmath, use the `?' option.
(/usr/local/texlive/2024/texmf-dist/tex/latex/amsmath/amstext.sty
Package: amstext 2021/08/26 v2.01 AMS text
) (/usr/local/texlive/2024/texmf-dist/tex/latex/amsmath/amsbsy.sty
Package: amsbsy 1999/11/29 v1.2d Bold Symbols
\pmbraise@=\dimen174
) (/usr/local/texlive/2024/texmf-dist/tex/latex/amsmath/amsopn.sty
Package: amsopn 2022/04/08 v2.04 operator names
)
\inf@bad=\count302
LaTeX Info: Redefining \frac on input line 234.
\uproot@=\count303
\leftroot@=\count304
LaTeX Info: Redefining \overline on input line 399.
LaTeX Info: Redefining \colon on input line 410.
\classnum@=\count305
\DOTSCASE@=\count306
LaTeX Info: Redefining \ldots on input line 496.
LaTeX Info: Redefining \dots on input line 499.
LaTeX Info: Redefining \cdots on input line 620.
\Mathstrutbox@=\box54
\strutbox@=\box55
LaTeX Info: Redefining \big on input line 722.
LaTeX Info: Redefining \Big on input line 723.
LaTeX Info: Redefining \bigg on input line 724.
LaTeX Info: Redefining \Bigg on input line 725.
\big@size=\dimen175
LaTeX Font Info:    Redeclaring font encoding OML on input line 743.
LaTeX Font Info:    Redeclaring font encoding OMS on input line 744.
\macc@depth=\count307
LaTeX Info: Redefining \bmod on input line 905.
LaTeX Info: Redefining \pmod on input line 910.
LaTeX Info: Redefining \smash on input line 940.
LaTeX Info: Redefining \relbar on input line 970.
LaTeX Info: Redefining \Relbar on input line 971.
\c@MaxMatrixCols=\count308
\dotsspace@=\muskip16
\c@parentequation=\count309
\dspbrk@lvl=\count310
\tag@help=\toks32
\row@=\count311
\column@=\count312
\maxfields@=\count313
\andhelp@=\toks33
\eqnshift@=\dimen176
\alignsep@=\dimen177
\tagshift@=\dimen178
\tagwidth@=\dimen179
\totwidth@=\dimen180
\lineht@=\dimen181
\@envbody=\toks34
\multlinegap=\skip66
\multlinetaggap=\skip67
\mathdisplay@stack=\toks35
LaTeX Info: Redefining \[ on input line 2953.
LaTeX Info: Redefining \] on input line 2954.
) (/usr/local/texlive/2024/texmf-dist/tex/latex/substr/substr.sty
Package: substr 2009/10/20 v1.2 Handle substrings
\c@su@anzahl=\count314
) (/usr/local/texlive/2024/texmf-dist/tex/latex/datatool/datatool-fp.sty
Package: datatool-fp 2019/09/27 v2.32 (NLCT)
 (/usr/local/texlive/2024/texmf-dist/tex/latex/fp/fp.sty
Package: fp 1995/04/02
 `Fixed Point Package', Version 0.8, April 2, 1995 (C) Michael Mehlich (/usr/local/texlive/2024/texmf-dist/tex/latex/fp/defpattern.sty
Package: defpattern 1994/10/12
\actioncount=\count315
) (/usr/local/texlive/2024/texmf-dist/tex/latex/fp/fp-basic.sty
Package: fp-basic 1996/05/13
\FP@xs=\count316
\FP@xia=\count317
\FP@xib=\count318
\FP@xfa=\count319
\FP@xfb=\count320
\FP@rega=\count321
\FP@regb=\count322
\FP@regs=\count323
\FP@times=\count324
) (/usr/local/texlive/2024/texmf-dist/tex/latex/fp/fp-addons.sty
Package: fp-addons 1995/03/15
) (/usr/local/texlive/2024/texmf-dist/tex/latex/fp/fp-snap.sty
Package: fp-snap 1995/04/05
) (/usr/local/texlive/2024/texmf-dist/tex/latex/fp/fp-exp.sty
Package: fp-exp 1995/04/03
) (/usr/local/texlive/2024/texmf-dist/tex/latex/fp/fp-trigo.sty
Package: fp-trigo 1995/04/14
) (/usr/local/texlive/2024/texmf-dist/tex/latex/fp/fp-pas.sty
Package: fp-pas 1994/08/29
) (/usr/local/texlive/2024/texmf-dist/tex/latex/fp/fp-random.sty
Package: fp-random 1995/02/23
\FPseed=\count325
) (/usr/local/texlive/2024/texmf-dist/tex/latex/fp/fp-eqn.sty
Package: fp-eqn 1995/04/03
) (/usr/local/texlive/2024/texmf-dist/tex/latex/fp/fp-upn.sty
Package: fp-upn 1996/10/21
) (/usr/local/texlive/2024/texmf-dist/tex/latex/fp/fp-eval.sty
Package: fp-eval 1995/04/03
)))
\@dtl@toks=\toks36
\@dtl@tmpcount=\count326
\dtl@tmplength=\skip68
\dtl@sortresult=\count327
\@dtl@numgrpsepcount=\count328
\@dtl@datatype=\count329
\dtl@codeA=\count330
\dtl@codeB=\count331
\@dtl@foreach@level=\count332
) (/usr/local/texlive/2024/texmf-dist/tex/latex/tracklang/tracklang.sty
Package: tracklang 2022/12/13 v1.6.1 (NLCT) Track Languages
 (/usr/local/texlive/2024/texmf-dist/tex/generic/tracklang/tracklang.tex)) (/usr/local/texlive/2024/texmf-dist/tex/latex/translator/translator.sty
Package: translator 2021-05-31 v1.12d Easy translation of strings in LaTeX
) (/usr/local/texlive/2024/texmf-dist/tex/latex/glossaries-english/glossaries-english.ldf
File: glossaries-english.ldf 2014/11/23 v1.0
)
\gls@level=\count333
\@gls@tmpb=\toks37
\gls@tmplen=\skip69
\glskeylisttok=\toks38
\glslabeltok=\toks39
\glsshorttok=\toks40
\glslongtok=\toks41
 (/usr/local/texlive/2024/texmf-dist/tex/latex/glossaries/styles/glossary-hypernav.sty
Package: glossary-hypernav 2023/09/29 v4.53 (NLCT)
) (/usr/local/texlive/2024/texmf-dist/tex/latex/glossaries/styles/glossary-list.sty
Package: glossary-list 2023/09/29 v4.53 (NLCT)
\glslistdottedwidth=\skip70
) (/usr/local/texlive/2024/texmf-dist/tex/latex/glossaries/styles/glossary-long.sty
Package: glossary-long 2023/09/29 v4.53 (NLCT)
 (/usr/local/texlive/2024/texmf-dist/tex/latex/tools/longtable.sty
Package: longtable 2023-11-01 v4.19 Multi-page Table package (DPC)
\LTleft=\skip71
\LTright=\skip72
\LTpre=\skip73
\LTpost=\skip74
\LTchunksize=\count334
\LTcapwidth=\dimen182
\LT@head=\box56
\LT@firsthead=\box57
\LT@foot=\box58
\LT@lastfoot=\box59
\LT@gbox=\box60
\LT@cols=\count335
\LT@rows=\count336
\c@LT@tables=\count337
\c@LT@chunks=\count338
\LT@p@ftn=\toks42
)
\glsdescwidth=\skip75
\glspagelistwidth=\skip76
) (/usr/local/texlive/2024/texmf-dist/tex/latex/glossaries/styles/glossary-super.sty
Package: glossary-super 2023/09/29 v4.53 (NLCT)
 (/usr/local/texlive/2024/texmf-dist/tex/latex/supertabular/supertabular.sty
Package: supertabular 2020/02/02 v4.1g the supertabular environment
\c@tracingst=\count339
\ST@wd=\dimen183
\ST@rightskip=\skip77
\ST@leftskip=\skip78
\ST@parfillskip=\skip79
\ST@pageleft=\dimen184
\ST@headht=\dimen185
\ST@tailht=\dimen186
\ST@pagesofar=\dimen187
\ST@pboxht=\dimen188
\ST@lineht=\dimen189
\ST@prevht=\dimen190
\ST@toadd=\dimen191
\ST@dimen=\dimen192
\ST@pbox=\box61
)) (/usr/local/texlive/2024/texmf-dist/tex/latex/glossaries/styles/glossary-tree.sty
Package: glossary-tree 2023/09/29 v4.53 (NLCT)
\glstreeindent=\skip80
)) (./Sections/Glossary.tex)
\glswrite=\write3
\glo@main@file=\write4
\openout4 = `main.glo'.

Package glossaries Info: Writing glossary file main.glo on input line 29.
 (/usr/local/texlive/2024/texmf-dist/tex/latex/hyperref/hyperref.sty
Package: hyperref 2024-01-20 v7.01h Hypertext links for LaTeX
 (/usr/local/texlive/2024/texmf-dist/tex/latex/kvsetkeys/kvsetkeys.sty
Package: kvsetkeys 2022-10-05 v1.19 Key value parser (HO)
) (/usr/local/texlive/2024/texmf-dist/tex/generic/kvdefinekeys/kvdefinekeys.sty
Package: kvdefinekeys 2019-12-19 v1.6 Define keys (HO)
) (/usr/local/texlive/2024/texmf-dist/tex/generic/pdfescape/pdfescape.sty
Package: pdfescape 2019/12/09 v1.15 Implements pdfTeX's escape features (HO)
 (/usr/local/texlive/2024/texmf-dist/tex/generic/ltxcmds/ltxcmds.sty
Package: ltxcmds 2023-12-04 v1.26 LaTeX kernel commands for general use (HO)
) (/usr/local/texlive/2024/texmf-dist/tex/generic/pdftexcmds/pdftexcmds.sty
Package: pdftexcmds 2020-06-27 v0.33 Utility functions of pdfTeX for LuaTeX (HO)
 (/usr/local/texlive/2024/texmf-dist/tex/generic/infwarerr/infwarerr.sty
Package: infwarerr 2019/12/03 v1.5 Providing info/warning/error messages (HO)
)
Package pdftexcmds Info: \pdf@primitive is available.
Package pdftexcmds Info: \pdf@ifprimitive is available.
Package pdftexcmds Info: \pdfdraftmode found.
)) (/usr/local/texlive/2024/texmf-dist/tex/latex/hycolor/hycolor.sty
Package: hycolor 2020-01-27 v1.10 Color options for hyperref/bookmark (HO)
) (/usr/local/texlive/2024/texmf-dist/tex/latex/auxhook/auxhook.sty
Package: auxhook 2019-12-17 v1.6 Hooks for auxiliary files (HO)
) (/usr/local/texlive/2024/texmf-dist/tex/latex/hyperref/nameref.sty
Package: nameref 2023-11-26 v2.56 Cross-referencing by name of section
 (/usr/local/texlive/2024/texmf-dist/tex/latex/refcount/refcount.sty
Package: refcount 2019/12/15 v3.6 Data extraction from label references (HO)
) (/usr/local/texlive/2024/texmf-dist/tex/generic/gettitlestring/gettitlestring.sty
Package: gettitlestring 2019/12/15 v1.6 Cleanup title references (HO)
 (/usr/local/texlive/2024/texmf-dist/tex/latex/kvoptions/kvoptions.sty
Package: kvoptions 2022-06-15 v3.15 Key value format for package options (HO)
))
\c@section@level=\count340
)
\@linkdim=\dimen193
\Hy@linkcounter=\count341
\Hy@pagecounter=\count342
 (/usr/local/texlive/2024/texmf-dist/tex/latex/hyperref/pd1enc.def
File: pd1enc.def 2024-01-20 v7.01h Hyperref: PDFDocEncoding definition (HO)
Now handling font encoding PD1 ...
... no UTF-8 mapping file for font encoding PD1
) (/usr/local/texlive/2024/texmf-dist/tex/generic/intcalc/intcalc.sty
Package: intcalc 2019/12/15 v1.3 Expandable calculations with integers (HO)
)
\Hy@SavedSpaceFactor=\count343
 (/usr/local/texlive/2024/texmf-dist/tex/latex/hyperref/puenc.def
File: puenc.def 2024-01-20 v7.01h Hyperref: PDF Unicode definition (HO)
Now handling font encoding PU ...
... no UTF-8 mapping file for font encoding PU
)
Package hyperref Info: Hyper figures OFF on input line 4179.
Package hyperref Info: Link nesting OFF on input line 4184.
Package hyperref Info: Hyper index ON on input line 4187.
Package hyperref Info: Plain pages OFF on input line 4194.
Package hyperref Info: Backreferencing OFF on input line 4199.
Package hyperref Info: Implicit mode ON; LaTeX internals redefined.
Package hyperref Info: Bookmarks ON on input line 4446.
\c@Hy@tempcnt=\count344
 (/usr/local/texlive/2024/texmf-dist/tex/latex/url/url.sty
\Urlmuskip=\muskip17
Package: url 2013/09/16  ver 3.4  Verb mode for urls, etc.
)
LaTeX Info: Redefining \url on input line 4784.
\XeTeXLinkMargin=\dimen194
 (/usr/local/texlive/2024/texmf-dist/tex/generic/bitset/bitset.sty
Package: bitset 2019/12/09 v1.3 Handle bit-vector datatype (HO)
 (/usr/local/texlive/2024/texmf-dist/tex/generic/bigintcalc/bigintcalc.sty
Package: bigintcalc 2019/12/15 v1.5 Expandable calculations on big integers (HO)
))
\Fld@menulength=\count345
\Field@Width=\dimen195
\Fld@charsize=\dimen196
Package hyperref Info: Hyper figures OFF on input line 6063.
Package hyperref Info: Link nesting OFF on input line 6068.
Package hyperref Info: Hyper index ON on input line 6071.
Package hyperref Info: backreferencing OFF on input line 6078.
Package hyperref Info: Link coloring OFF on input line 6083.
Package hyperref Info: Link coloring with OCG OFF on input line 6088.
Package hyperref Info: PDF/A mode OFF on input line 6093.
 (/usr/local/texlive/2024/texmf-dist/tex/latex/base/atbegshi-ltx.sty
Package: atbegshi-ltx 2021/01/10 v1.0c Emulation of the original atbegshi
package with kernel methods
)
\Hy@abspage=\count346
\c@Item=\count347
\c@Hfootnote=\count348
)
Package hyperref Info: Driver (autodetected): hpdftex.
 (/usr/local/texlive/2024/texmf-dist/tex/latex/hyperref/hpdftex.def
File: hpdftex.def 2024-01-20 v7.01h Hyperref driver for pdfTeX
 (/usr/local/texlive/2024/texmf-dist/tex/latex/base/atveryend-ltx.sty
Package: atveryend-ltx 2020/08/19 v1.0a Emulation of the original atveryend package
with kernel methods
)
\Fld@listcount=\count349
\c@bookmark@seq@number=\count350
 (/usr/local/texlive/2024/texmf-dist/tex/latex/rerunfilecheck/rerunfilecheck.sty
Package: rerunfilecheck 2022-07-10 v1.10 Rerun checks for auxiliary files (HO)
 (/usr/local/texlive/2024/texmf-dist/tex/generic/uniquecounter/uniquecounter.sty
Package: uniquecounter 2019/12/15 v1.4 Provide unlimited unique counter (HO)
)
Package uniquecounter Info: New unique counter `rerunfilecheck' on input line 285.
)
\Hy@SectionHShift=\skip81
)
Package hyperref Info: Option `colorlinks' set `true' on input line 43.
 (/usr/local/texlive/2024/texmf-dist/tex/latex/titlesec/titlesec.sty
Package: titlesec 2023/10/27 v2.16 Sectioning titles
\ttl@box=\box62
\beforetitleunit=\skip82
\aftertitleunit=\skip83
\ttl@plus=\dimen197
\ttl@minus=\dimen198
\ttl@toksa=\toks43
\titlewidth=\dimen199
\titlewidthlast=\dimen256
\titlewidthfirst=\dimen257
)) (/usr/local/texlive/2024/texmf-dist/tex/latex/float/float.sty
Package: float 2001/11/08 v1.3d Float enhancements (AL)
\c@float@type=\count351
\float@exts=\toks44
\float@box=\box63
\@float@everytoks=\toks45
\@floatcapt=\box64
)

Package array Warning: Redefining primitive column b on input line 6.

(/usr/local/texlive/2024/texmf-dist/tex/latex/l3backend/l3backend-pdftex.def
File: l3backend-pdftex.def 2024-02-20 L3 backend support: PDF output (pdfTeX)
\l__color_backend_stack_int=\count352
\l__pdf_internal_box=\box65
) (./main.aux (./Sections/TitlePage.aux) (./Sections/Revision.aux) (./Sections/Introduction.aux) (./Sections/Glossary.aux) (./Sections/ArchitecturalViews.aux

LaTeX Warning: Label `Fig:Sequence Diagram ' multiply defined.


LaTeX Warning: Label `Fig:Activity Diagram 1' multiply defined.

) (./Sections/Suggestions.aux))
\openout1 = `main.aux'.

LaTeX Font Info:    Checking defaults for OML/cmm/m/it on input line 9.
LaTeX Font Info:    ... okay on input line 9.
LaTeX Font Info:    Checking defaults for OMS/cmsy/m/n on input line 9.
LaTeX Font Info:    ... okay on input line 9.
LaTeX Font Info:    Checking defaults for OT1/cmr/m/n on input line 9.
LaTeX Font Info:    ... okay on input line 9.
LaTeX Font Info:    Checking defaults for T1/cmr/m/n on input line 9.
LaTeX Font Info:    ... okay on input line 9.
LaTeX Font Info:    Checking defaults for TS1/cmr/m/n on input line 9.
LaTeX Font Info:    ... okay on input line 9.
LaTeX Font Info:    Checking defaults for OMX/cmex/m/n on input line 9.
LaTeX Font Info:    ... okay on input line 9.
LaTeX Font Info:    Checking defaults for U/cmr/m/n on input line 9.
LaTeX Font Info:    ... okay on input line 9.
LaTeX Font Info:    Checking defaults for PD1/pdf/m/n on input line 9.
LaTeX Font Info:    ... okay on input line 9.
LaTeX Font Info:    Checking defaults for PU/pdf/m/n on input line 9.
LaTeX Font Info:    ... okay on input line 9.

*geometry* driver: auto-detecting
*geometry* detected driver: pdftex
*geometry* verbose mode - [ preamble ] result:
* driver: pdftex
* paper: <default>
* layout: <same size as paper>
* layoutoffset:(h,v)=(0.0pt,0.0pt)
* modes: 
* h-part:(L,W,R)=(71.13188pt, 443.57848pt, 99.58464pt)
* v-part:(T,H,B)=(56.9055pt, 642.66711pt, 95.39737pt)
* \paperwidth=614.295pt
* \paperheight=794.96999pt
* \textwidth=443.57848pt
* \textheight=642.66711pt
* \oddsidemargin=-1.1381pt
* \evensidemargin=-1.1381pt
* \topmargin=-52.36449pt
* \headheight=27.05003pt
* \headsep=25.0pt
* \topskip=12.0pt
* \footskip=30.0pt
* \marginparwidth=44.0pt
* \marginparsep=10.0pt
* \columnsep=10.0pt
* \skip\footins=10.8pt plus 4.0pt minus 2.0pt
* \hoffset=0.0pt
* \voffset=0.0pt
* \mag=1000
* \@twocolumnfalse
* \@twosidefalse
* \@mparswitchfalse
* \@reversemarginfalse
* (1in=72.27pt=25.4mm, 1cm=28.453pt)

(/usr/local/texlive/2024/texmf-dist/tex/context/base/mkii/supp-pdf.mkii
[Loading MPS to PDF converter (version 2006.09.02).]
\scratchcounter=\count353
\scratchdimen=\dimen258
\scratchbox=\box66
\nofMPsegments=\count354
\nofMParguments=\count355
\everyMPshowfont=\toks46
\MPscratchCnt=\count356
\MPscratchDim=\dimen259
\MPnumerator=\count357
\makeMPintoPDFobject=\count358
\everyMPtoPDFconversion=\toks47
) (/usr/local/texlive/2024/texmf-dist/tex/latex/epstopdf-pkg/epstopdf-base.sty
Package: epstopdf-base 2020-01-24 v2.11 Base part for package epstopdf
Package epstopdf-base Info: Redefining graphics rule for `.eps' on input line 485.
 (/usr/local/texlive/2024/texmf-dist/tex/latex/latexconfig/epstopdf-sys.cfg
File: epstopdf-sys.cfg 2010/07/13 v1.3 Configuration of (r)epstopdf for TeX Live
)) (./main.glsdefs) (/usr/local/texlive/2024/texmf-dist/tex/latex/graphics/color.sty
Package: color 2022/01/06 v1.3d Standard LaTeX Color (DPC)
 (/usr/local/texlive/2024/texmf-dist/tex/latex/graphics-cfg/color.cfg
File: color.cfg 2016/01/02 v1.6 sample color configuration
)
Package color Info: Driver file: pdftex.def on input line 149.
 (/usr/local/texlive/2024/texmf-dist/tex/latex/graphics/mathcolor.ltx))
Package hyperref Info: Link coloring ON on input line 9.
 (./main.out) (./main.out)
\@outlinefile=\write5
\openout5 = `main.out'.

\openout2 = `Sections/TitlePage.aux'.

 (./Sections/TitlePage.tex
<Figures/metu_logo.png, id=188, 280.8894pt x 170.7981pt>
File: Figures/metu_logo.png Graphic file (type png)
<use Figures/metu_logo.png>
Package pdftex.def Info: Figures/metu_logo.png  used on input line 4.
(pdftex.def)             Requested size: 354.86412pt x 215.7879pt.
 [1

\openout3 = `main.ist'.


{/usr/local/texlive/2024/texmf-var/fonts/map/pdftex/updmap/pdftex.map} <./Figures/metu_logo.png>]) (./main.toc
pdfTeX warning (ext4): destination with the same identifier (name{page.i}) has been already used, duplicate ignored
<to be read again> 
                   \relax 
l.26 ...ne {4.3}Development View}{25}{section.4.3}
                                                  % [1



])
\tf@toc=\write6
\openout6 = `main.toc'.

 [2] (./main.lof)
\tf@lof=\write7
\openout7 = `main.lof'.

 [3

] (./main.lot)
\tf@lot=\write8
\openout8 = `main.lot'.

 [4

]
\openout2 = `Sections/Revision.aux'.

 (./Sections/Revision.tex) [5




pdfTeX warning (ext4): destination with the same identifier (name{table.0.1}) has been already used, duplicate ignored
<argument> ...shipout:D \box_use:N \l_shipout_box 
                                                  \__shipout_drop_firstpage_...
l.18 \include{Sections/Revision}
                                ]
\openout2 = `Sections/Introduction.aux'.

 (./Sections/Introduction.tex
Chapter 1.

Package hyperref Warning: Token not allowed in a PDF string (Unicode):
(hyperref)                removing `\gls' on input line 8.


Overfull \hbox (16.03342pt too wide) in paragraph at lines 15--16
[]\OT1/cmr/m/n/12 Visualize and ex-port eco-log-i-cal met-rics|species counts, dis-tri-bu-tions, and trends|to
 []

[1




{/usr/local/texlive/2024/texmf-dist/fonts/enc/dvips/cm-super/cm-super-ts1.enc}]
Overfull \hbox (1.8197pt too wide) in paragraph at lines 40--75
 [][] 
 []

) [2] [3
pdfTeX warning (ext4): destination with the same identifier (name{table.1.1}) has been already used, duplicate ignored
<argument> ...shipout:D \box_use:N \l_shipout_box 
                                                  \__shipout_drop_firstpage_...
l.21 \include{Sections/Introduction}
                                    ] (./main.bbl
Chapter 2.
) (./main.gls [4



]
Chapter 3.
) [5


]
\openout2 = `Sections/Glossary.aux'.

 (./Sections/Glossary.tex
\@gls@deffile=\write9
\openout9 = `main.glsdefs'.



Package glossaries Warning: Entry `sad' has already been defined in the preamble (in which case remove the duplicate definition) or you have just updated to glossaries.sty v4.47 (in which case delete `main.glsdefs') on input line 5.


Package glossaries Warning: Entry `srs' has already been defined in the preamble (in which case remove the duplicate definition) or you have just updated to glossaries.sty v4.47 (in which case delete `main.glsdefs') on input line 11.


Package glossaries Warning: Entry `kso' has already been defined in the preamble (in which case remove the duplicate definition) or you have just updated to glossaries.sty v4.47 (in which case delete `main.glsdefs') on input line 16.


Package glossaries Warning: Entry `ml' has already been defined in the preamble (in which case remove the duplicate definition) or you have just updated to glossaries.sty v4.47 (in which case delete `main.glsdefs') on input line 21.


Package glossaries Warning: Entry `ui' has already been defined in the preamble (in which case remove the duplicate definition) or you have just updated to glossaries.sty v4.47 (in which case delete `main.glsdefs') on input line 26.


Package glossaries Warning: Entry `rov' has already been defined in the preamble (in which case remove the duplicate definition) or you have just updated to glossaries.sty v4.47 (in which case delete `main.glsdefs') on input line 31.


Package glossaries Warning: Entry `auv' has already been defined in the preamble (in which case remove the duplicate definition) or you have just updated to glossaries.sty v4.47 (in which case delete `main.glsdefs') on input line 36.


Package glossaries Warning: Entry `yolov3' has already been defined in the preamble (in which case remove the duplicate definition) or you have just updated to glossaries.sty v4.47 (in which case delete `main.glsdefs') on input line 41.


Package glossaries Warning: Entry `restapi' has already been defined in the preamble (in which case remove the duplicate definition) or you have just updated to glossaries.sty v4.47 (in which case delete `main.glsdefs') on input line 46.


Package glossaries Warning: Entry `gpu' has already been defined in the preamble (in which case remove the duplicate definition) or you have just updated to glossaries.sty v4.47 (in which case delete `main.glsdefs') on input line 51.


Package glossaries Warning: Entry `qc' has already been defined in the preamble (in which case remove the duplicate definition) or you have just updated to glossaries.sty v4.47 (in which case delete `main.glsdefs') on input line 56.

)
\openout2 = `Sections/ArchitecturalViews.aux'.

 (./Sections/ArchitecturalViews.tex
Chapter 4.

Overfull \hbox (9.1446pt too wide) in paragraph at lines 9--10
[]\OT1/cmr/m/n/12 This view ad-dresses the con-cerns listed in Ta-ble 17-2 of Rozan-ski & Woods|functional
 []

[6





]
<Figures/ComponentDiagram.png, id=354, 974.64125pt x 700.6175pt>
File: Figures/ComponentDiagram.png Graphic file (type png)
<use Figures/ComponentDiagram.png>
Package pdftex.def Info: Figures/ComponentDiagram.png  used on input line 44.
(pdftex.def)             Requested size: 443.57848pt x 318.86697pt.
 [7] [8
pdfTeX warning (ext4): destination with the same identifier (name{figure.4.1}) has been already used, duplicate ignored
<argument> ...shipout:D \box_use:N \l_shipout_box 
                                                  \__shipout_drop_firstpage_...
l.56     \end{itemize}
                       <./Figures/ComponentDiagram.png>]
LaTeX Font Info:    Font shape `OT1/cmtt/bx/n' in size <12> not available
(Font)              Font shape `OT1/cmtt/m/n' tried instead on input line 76.

Overfull \hbox (4.0824pt too wide) in paragraph at lines 80--81
[]\OT1/cmtt/m/n/12 SQLite Database <<provides>> \OT1/cmr/m/n/12 clips and meta-data to \OT1/cmtt/m/n/12 Workflow 1 \OT1/cmr/m/n/12 and \OT1/cmtt/m/n/12 Workflow
 []

[9]
Overfull \hbox (34.65735pt too wide) in paragraph at lines 81--82
[]\OT1/cmtt/m/n/12 Workflow 1, Workflow 2 <<provides>> \OT1/cmr/m/n/12 cit-i-zen an-no-ta-tions back to \OT1/cmtt/m/n/12 SQLite Database\OT1/cmr/m/n/12 . 
 []


Overfull \hbox (36.52406pt too wide) in paragraph at lines 83--84
[]\OT1/cmtt/m/n/12 Annotation Aggregator <<provides>> \OT1/cmr/m/n/12 cleaned, tracked frames to \OT1/cmtt/m/n/12 Data Preprocessor\OT1/cmr/m/n/12 . 
 []


Overfull \hbox (0.25081pt too wide) in paragraph at lines 86--87
[]\OT1/cmtt/m/n/12 Inference API <<provides>> \OT1/cmr/m/n/12 pre-dic-tion end-points con-sumed by \OT1/cmtt/m/n/12 Web Front-end
 []

<Figures/InternalInterface.png, id=371, 899.61093pt x 633.86812pt>
File: Figures/InternalInterface.png Graphic file (type png)
<use Figures/InternalInterface.png>
Package pdftex.def Info: Figures/InternalInterface.png  used on input line 93.
(pdftex.def)             Requested size: 443.57848pt x 312.54218pt.
[10] [11
pdfTeX warning (ext4): destination with the same identifier (name{figure.4.2}) has been already used, duplicate ignored
<argument> ...shipout:D \box_use:N \l_shipout_box 
                                                  \__shipout_drop_firstpage_...
l.103 
       <./Figures/InternalInterface.png>] [12]
<Figures/SequenceDiagram1.png, id=385, 734.745pt x 574.39594pt>
File: Figures/SequenceDiagram1.png Graphic file (type png)
<use Figures/SequenceDiagram1.png>
Package pdftex.def Info: Figures/SequenceDiagram1.png  used on input line 115.
(pdftex.def)             Requested size: 443.57848pt x 346.77876pt.
<Figures/SequenceDiagram2.png, id=386, 659.46375pt x 592.46344pt>
File: Figures/SequenceDiagram2.png Graphic file (type png)
<use Figures/SequenceDiagram2.png>
Package pdftex.def Info: Figures/SequenceDiagram2.png  used on input line 122.
(pdftex.def)             Requested size: 443.57848pt x 398.52144pt.
 [13
pdfTeX warning (ext4): destination with the same identifier (name{figure.4.3}) has been already used, duplicate ignored
<argument> ...shipout:D \box_use:N \l_shipout_box 
                                                  \__shipout_drop_firstpage_...
l.125 
       <./Figures/SequenceDiagram1.png>]
<Figures/SequenceDiagram3.png, id=393, 659.46375pt x 592.46344pt>
File: Figures/SequenceDiagram3.png Graphic file (type png)
<use Figures/SequenceDiagram3.png>
Package pdftex.def Info: Figures/SequenceDiagram3.png  used on input line 128.
(pdftex.def)             Requested size: 443.57848pt x 398.52144pt.
 [14
pdfTeX warning (ext4): destination with the same identifier (name{figure.4.4}) has been already used, duplicate ignored
<argument> ...shipout:D \box_use:N \l_shipout_box 
                                                  \__shipout_drop_firstpage_...
l.131 
       <./Figures/SequenceDiagram2.png>]
<Figures/ExternalInterface.png, id=399, 662.475pt x 363.60844pt>
File: Figures/ExternalInterface.png Graphic file (type png)
<use Figures/ExternalInterface.png>
Package pdftex.def Info: Figures/ExternalInterface.png  used on input line 135.
(pdftex.def)             Requested size: 443.57848pt x 243.46103pt.
 [15
pdfTeX warning (ext4): destination with the same identifier (name{figure.4.5}) has been already used, duplicate ignored
<argument> ...shipout:D \box_use:N \l_shipout_box 
                                                  \__shipout_drop_firstpage_...
l.138 
       <./Figures/SequenceDiagram3.png>] [16
pdfTeX warning (ext4): destination with the same identifier (name{figure.4.6}) has been already used, duplicate ignored
<argument> ...shipout:D \box_use:N \l_shipout_box 
                                                  \__shipout_drop_firstpage_...
l.144 
       <./Figures/ExternalInterface.png>]
<Figures/ActivityDiagram1.png, id=410, 645.41125pt x 820.06375pt>
File: Figures/ActivityDiagram1.png Graphic file (type png)
<use Figures/ActivityDiagram1.png>
Package pdftex.def Info: Figures/ActivityDiagram1.png  used on input line 152.
(pdftex.def)             Requested size: 443.57848pt x 563.60475pt.
 [17]
Overfull \vbox (22.52095pt too high) has occurred while \output is active []

 [18
pdfTeX warning (ext4): destination with the same identifier (name{figure.4.7}) has been already used, duplicate ignored
<argument> ...shipout:D \box_use:N \l_shipout_box 
                                                  \__shipout_drop_firstpage_...
l.155 
       <./Figures/ActivityDiagram1.png>]
<Figures/ActivityDiagram2.png, id=420, 725.71124pt x 723.70375pt>
File: Figures/ActivityDiagram2.png Graphic file (type png)
<use Figures/ActivityDiagram2.png>
Package pdftex.def Info: Figures/ActivityDiagram2.png  used on input line 158.
(pdftex.def)             Requested size: 443.57848pt x 442.36415pt.
 [19
pdfTeX warning (ext4): destination with the same identifier (name{figure.4.8}) has been already used, duplicate ignored
<argument> ...shipout:D \box_use:N \l_shipout_box 
                                                  \__shipout_drop_firstpage_...
l.162 \newpage
               <./Figures/ActivityDiagram2.png>]
<Figures/DatabaseClassDiagram.png, id=427, 1021.8175pt x 936.49875pt>
File: Figures/DatabaseClassDiagram.png Graphic file (type png)
<use Figures/DatabaseClassDiagram.png>
Package pdftex.def Info: Figures/DatabaseClassDiagram.png  used on input line 180.
(pdftex.def)             Requested size: 443.57848pt x 406.53056pt.
 [20] [21
pdfTeX warning (ext4): destination with the same identifier (name{figure.4.9}) has been already used, duplicate ignored
<argument> ...shipout:D \box_use:N \l_shipout_box 
                                                  \__shipout_drop_firstpage_...
l.193   \item \textbf
                     {Subject:} <./Figures/DatabaseClassDiagram.png>]
Overfull \hbox (4.83209pt too wide) in paragraph at lines 193--196
\OT1/cmr/m/n/12 time). Con-nects to both hu-man (\OT1/cmr/bx/n/12 Annotation\OT1/cmr/m/n/12 ) and al-go-rith-mic (\OT1/cmr/bx/n/12 ModelAnnotation\OT1/cmr/m/n/12 )
 []


Overfull \hbox (58.59657pt too wide) in paragraph at lines 198--201
\OT1/cmr/m/n/12 dence, bound-ing box). Can be com-pared to a hu-man An-no-ta-tion via \OT1/cmtt/m/n/12 compareWithAnnotation()\OT1/cmr/m/n/12 . 
 []

[22] [23] [24]
Overfull \hbox (40.75339pt too wide) in paragraph at lines 316--317
\OT1/cmr/m/n/12 into sub-sys-tems (e.g., \OT1/cmtt/m/n/12 AnnotationPlatform\OT1/cmr/m/n/12 , \OT1/cmtt/m/n/12 MachineLearningEngine\OT1/cmr/m/n/12 , \OT1/cmtt/m/n/12 DataManagement\OT1/cmr/m/n/12 )
 []

[25]
<Figures/PackageDiagram.png, id=456, 733.23938pt x 600.74437pt>
File: Figures/PackageDiagram.png Graphic file (type png)
<use Figures/PackageDiagram.png>
Package pdftex.def Info: Figures/PackageDiagram.png  used on input line 333.
(pdftex.def)             Requested size: 443.57848pt x 363.42854pt.
 [26]
Overfull \hbox (37.85379pt too wide) in paragraph at lines 339--340
[]\OT1/cmr/m/n/12 At \OT1/cmr/bx/n/12 Level 1\OT1/cmr/m/n/12 , the sys-tem is di-vided into three pri-mary sub-sys-tems. The \OT1/cmtt/m/n/12 AnnotationPlatform
 []

[27
pdfTeX warning (ext4): destination with the same identifier (name{figure.4.10}) has been already used, duplicate ignored
<argument> ...shipout:D \box_use:N \l_shipout_box 
                                                  \__shipout_drop_firstpage_...
l.340 
       <./Figures/PackageDiagram.png>]
Overfull \hbox (48.74773pt too wide) in paragraph at lines 343--344
\OT1/cmr/m/n/12 man an-no-ta-tions from the \OT1/cmtt/m/n/12 AnnotationPlatform \OT1/cmr/m/n/12 and ac-cesses raw video clips via \OT1/cmtt/m/n/12 DataManagement
 []


Overfull \hbox (9.16737pt too wide) in paragraph at lines 343--344
\OT1/cmr/m/n/12 for train-ing and in-fer-ence. Both these sub-sys-tems also in-ter-act with the \OT1/cmtt/m/n/12 MetadataService
 []


Overfull \hbox (48.97795pt too wide) in paragraph at lines 343--344
\OT1/cmr/m/n/12 for task and species meta-data. The \OT1/cmtt/m/n/12 TaskScheduler \OT1/cmr/m/n/12 is used solely by the \OT1/cmtt/m/n/12 MachineLearningEngine
 []

[28]
<Figures/DeploymentDiagram.png, id=470, 1134.2375pt x 810.02625pt>
File: Figures/DeploymentDiagram.png Graphic file (type png)
<use Figures/DeploymentDiagram.png>
Package pdftex.def Info: Figures/DeploymentDiagram.png  used on input line 372.
(pdftex.def)             Requested size: 443.57848pt x 316.78651pt.
 [29] [30
pdfTeX warning (ext4): destination with the same identifier (name{figure.4.11}) has been already used, duplicate ignored
<argument> ...shipout:D \box_use:N \l_shipout_box 
                                                  \__shipout_drop_firstpage_...
l.380 
       <./Figures/DeploymentDiagram.png>] [31]
Overfull \hbox (5.54146pt too wide) in paragraph at lines 393--394
[]\OT1/cmr/bx/n/12 Functional View\OT1/cmr/m/n/12 : We par-ti-tioned the sys-tem into three high-level mod-ules|Data
 []


Overfull \hbox (7.2474pt too wide) in paragraph at lines 393--394
\OT1/cmr/m/n/12 Man-age-ment, Cit-i-zen Sci-ence, and Ma-chine Learn-ing|to max-i-mize co-he-sion within
 []


Overfull \hbox (3.9013pt too wide) in paragraph at lines 394--395
[]\OT1/cmr/bx/n/12 Information View\OT1/cmr/m/n/12 : We chose a Dar-win Core{compliant SQLite re-la-tional schema
 []

) [32]
\openout2 = `Sections/Suggestions.aux'.

 (./Sections/Suggestions.tex
Chapter 5.
[33




]
<Figures/ImpComponentDiagram.png, id=494, 1005.7575pt x 710.655pt>
File: Figures/ImpComponentDiagram.png Graphic file (type png)
<use Figures/ImpComponentDiagram.png>
Package pdftex.def Info: Figures/ImpComponentDiagram.png  used on input line 45.
(pdftex.def)             Requested size: 443.57848pt x 313.42653pt.
 [34] [35
pdfTeX warning (ext4): destination with the same identifier (name{figure.5.1}) has been already used, duplicate ignored
<argument> ...shipout:D \box_use:N \l_shipout_box 
                                                  \__shipout_drop_firstpage_...
l.61       \item I
                  nterface (internal): \verb|«Backup»| <./Figures/ImpComponentDiagram.png>]
<Figures/ImpInternalInterface.png, id=506, 1470.49374pt x 795.97375pt>
File: Figures/ImpInternalInterface.png Graphic file (type png)
<use Figures/ImpInternalInterface.png>
Package pdftex.def Info: Figures/ImpInternalInterface.png  used on input line 99.
(pdftex.def)             Requested size: 443.57848pt x 240.10568pt.
 [36] [37
pdfTeX warning (ext4): destination with the same identifier (name{figure.5.2}) has been already used, duplicate ignored
<argument> ...shipout:D \box_use:N \l_shipout_box 
                                                  \__shipout_drop_firstpage_...
l.109 
       <./Figures/ImpInternalInterface.png>]
<Figures/ImpSequenceDiagram.png, id=518, 719.68875pt x 654.94687pt>
File: Figures/ImpSequenceDiagram.png Graphic file (type png)
<use Figures/ImpSequenceDiagram.png>
Package pdftex.def Info: Figures/ImpSequenceDiagram.png  used on input line 113.
(pdftex.def)             Requested size: 443.57848pt x 403.68437pt.
 [38]
<Figures/ImpExternalInterface.png, id=523, 1366.10374pt x 806.01125pt>
File: Figures/ImpExternalInterface.png Graphic file (type png)
<use Figures/ImpExternalInterface.png>
Package pdftex.def Info: Figures/ImpExternalInterface.png  used on input line 120.
(pdftex.def)             Requested size: 443.57848pt x 261.70457pt.
 [39
pdfTeX warning (ext4): destination with the same identifier (name{figure.5.3}) has been already used, duplicate ignored
<argument> ...shipout:D \box_use:N \l_shipout_box 
                                                  \__shipout_drop_firstpage_...
l.123 F
       igure \ref{Fig:Improved External Interfaces Class Diagram} shows our ... <./Figures/ImpSequenceDiagram.png>]
LaTeX Font Info:    Trying to load font information for OMS+cmtt on input line 128.
LaTeX Font Info:    No file OMScmtt.fd. on input line 128.


LaTeX Font Warning: Font shape `OMS/cmtt/m/n' undefined
(Font)              using `OMS/cmsy/m/n' instead
(Font)              for symbol `textbraceleft' on input line 128.


Overfull \hbox (55.056pt too wide) in paragraph at lines 128--129
\OT1/cmr/m/n/12 sends a REST POST with a JSON body con-tain-ing \OT1/cmtt/m/n/12 recipientId\OT1/cmr/m/n/12 , \OT1/cmtt/m/n/12 method \OT1/cmr/m/n/12 (Email/SMS/Webhook),
 []


Overfull \hbox (36.78047pt too wide) in paragraph at lines 128--129
\OT1/cmr/m/n/12 ing \OT1/cmtt/m/n/12 notificationId \OT1/cmr/m/n/12 and ini-tial \OT1/cmtt/m/n/12 status \OT1/cmr/m/n/12 (\PEND-ING"). KSO can then GET \OT1/cmtt/m/n/12 /notifications/
 []

[40
pdfTeX warning (ext4): destination with the same identifier (name{figure.5.4}) has been already used, duplicate ignored
<argument> ...shipout:D \box_use:N \l_shipout_box 
                                                  \__shipout_drop_firstpage_...
l.129 
       <./Figures/ImpExternalInterface.png>]
Overfull \hbox (2.95068pt too wide) in paragraph at lines 131--132
[] []\OT1/cmr/bx/n/12 Stor-age-Ser-vice Im-prove-ments:[] \OT1/cmr/m/n/12 Stor-age-Ser-vices were also im-proved to en-able meta-
 []

<Figures/ImpActivityDiagram.png, id=535, 1261.71375pt x 944.52875pt>
File: Figures/ImpActivityDiagram.png Graphic file (type png)
<use Figures/ImpActivityDiagram.png>
Package pdftex.def Info: Figures/ImpActivityDiagram.png  used on input line 136.
(pdftex.def)             Requested size: 443.57848pt x 332.06007pt.
[41] [42
pdfTeX warning (ext4): destination with the same identifier (name{figure.5.5}) has been already used, duplicate ignored
<argument> ...shipout:D \box_use:N \l_shipout_box 
                                                  \__shipout_drop_firstpage_...
l.148 \item \textbf
                   {Backend Developers} – use this diagram to implement da... <./Figures/ImpActivityDiagram.png>]
Overfull \hbox (53.26794pt too wide) in paragraph at lines 152--153
\OT1/cmr/m/n/12 hanced model now sup-ports their needs. Bound-ing boxes (\OT1/cmtt/m/n/12 bounding[]box0\OT1/cmr/m/n/12 ...\OT1/cmtt/m/n/12 bounding[]box3\OT1/cmr/m/n/12 ),
 []

<Figures/ImpDatabaseClassDiagram.png, id=545, 960.58875pt x 915.42pt>
File: Figures/ImpDatabaseClassDiagram.png Graphic file (type png)
<use Figures/ImpDatabaseClassDiagram.png>
Package pdftex.def Info: Figures/ImpDatabaseClassDiagram.png  used on input line 159.
(pdftex.def)             Requested size: 443.57848pt x 422.71861pt.
[43]
Overfull \hbox (7.01685pt too wide) in paragraph at lines 166--168
[]\OT1/cmr/bx/n/12 Support for Bound-ing Boxes and Model Con-fi-dence: \OT1/cmr/m/n/12 The \OT1/cmtt/m/n/12 ModelAnnotation
 []

[44
pdfTeX warning (ext4): destination with the same identifier (name{figure.5.6}) has been already used, duplicate ignored
<argument> ...shipout:D \box_use:N \l_shipout_box 
                                                  \__shipout_drop_firstpage_...
l.168 
       <./Figures/ImpDatabaseClassDiagram.png>] [45] [46] [47]
<Figures/ImpPackageDiagram.png, id=568, 733.23938pt x 602.25pt>
File: Figures/ImpPackageDiagram.png Graphic file (type png)
<use Figures/ImpPackageDiagram.png>
Package pdftex.def Info: Figures/ImpPackageDiagram.png  used on input line 281.
(pdftex.def)             Requested size: 443.57848pt x 364.3394pt.
 [48] [49
pdfTeX warning (ext4): destination with the same identifier (name{figure.5.7}) has been already used, duplicate ignored
<argument> ...shipout:D \box_use:N \l_shipout_box 
                                                  \__shipout_drop_firstpage_...
l.288 
       <./Figures/ImpPackageDiagram.png>]
LaTeX Font Info:    Trying to load font information for TS1+cmtt on input line 291.
 (/usr/local/texlive/2024/texmf-dist/tex/latex/base/ts1cmtt.fd
File: ts1cmtt.fd 2023/04/13 v2.5m Standard LaTeX font definitions
) [50]
<Figures/ImpDeploymentDiagram.png, id=585, 849.92531pt x 605.26125pt>
File: Figures/ImpDeploymentDiagram.png Graphic file (type png)
<use Figures/ImpDeploymentDiagram.png>
Package pdftex.def Info: Figures/ImpDeploymentDiagram.png  used on input line 323.
(pdftex.def)             Requested size: 443.57848pt x 315.89209pt.
 [51
pdfTeX warning (ext4): destination with the same identifier (name{figure.5.8}) has been already used, duplicate ignored
<argument> ...shipout:D \box_use:N \l_shipout_box 
                                                  \__shipout_drop_firstpage_...
l.330 
       <./Figures/ImpDeploymentDiagram.png>] [52]
Overfull \hbox (26.9936pt too wide) in paragraph at lines 347--348
\OT1/cmr/m/n/12 ages|\OT1/cmtt/m/n/12 kso.chunker\OT1/cmr/m/n/12 , \OT1/cmtt/m/n/12 kso.annotations\OT1/cmr/m/n/12 , \OT1/cmtt/m/n/12 kso.scheduler\OT1/cmr/m/n/12 , and \OT1/cmtt/m/n/12 kso.logging\OT1/cmr/m/n/12 |alongside
 []


Overfull \hbox (18.96452pt too wide) in paragraph at lines 347--348
\OT1/cmr/m/n/12 mi-croser-vice mod-ules (\OT1/cmtt/m/n/12 video-chunker-service\OT1/cmr/m/n/12 , \OT1/cmtt/m/n/12 annotation-aggregator-service\OT1/cmr/m/n/12 ,
 []


Overfull \hbox (26.43227pt too wide) in paragraph at lines 348--349
\OT1/cmr/m/n/12 croser-vice: \OT1/cmtt/m/n/12 video-chunker \OT1/cmr/m/n/12 and \OT1/cmtt/m/n/12 annotation-aggregator \OT1/cmr/m/n/12 on CPU nodes, \OT1/cmtt/m/n/12 hpc-gateway
 []

) [53] (./main.aux (./Sections/TitlePage.aux) (./Sections/Revision.aux) (./Sections/Introduction.aux) (./Sections/Glossary.aux) (./Sections/ArchitecturalViews.aux) (./Sections/Suggestions.aux))
 ***********
LaTeX2e <2023-11-01> patch level 1
L3 programming layer <2024-02-20>
 ***********


LaTeX Font Warning: Some font shapes were not available, defaults substituted.


LaTeX Warning: There were multiply-defined labels.

Package rerunfilecheck Info: File `main.out' has not changed.
(rerunfilecheck)             Checksum: C37D6665FADEE681171E58CA2582B881;7682.
 ) 
Here is how much of TeX's memory you used:
 19615 strings out of 474116
 338804 string characters out of 5743683
 1947187 words of memory out of 5000000
 41478 multiletter control sequences out of 15000+600000
 567150 words of font info for 67 fonts, out of 8000000 for 9000
 1141 hyphenation exceptions out of 8191
 99i,12n,96p,2447b,695s stack positions out of 10000i,1000n,20000p,200000b,200000s
</usr/local/texlive/2024/texmf-dist/fonts/type1/public/amsfonts/cm/cmbx10.pfb></usr/local/texlive/2024/texmf-dist/fonts/type1/public/amsfonts/cm/cmbx12.pfb></usr/local/texlive/2024/texmf-dist/fonts/type1/public/amsfonts/cm/cmcsc10.pfb></usr/local/texlive/2024/texmf-dist/fonts/type1/public/amsfonts/cm/cmr10.pfb></usr/local/texlive/2024/texmf-dist/fonts/type1/public/amsfonts/cm/cmr12.pfb></usr/local/texlive/2024/texmf-dist/fonts/type1/public/amsfonts/cm/cmr8.pfb></usr/local/texlive/2024/texmf-dist/fonts/type1/public/amsfonts/cm/cmsy10.pfb></usr/local/texlive/2024/texmf-dist/fonts/type1/public/amsfonts/cm/cmsy6.pfb></usr/local/texlive/2024/texmf-dist/fonts/type1/public/amsfonts/cm/cmti12.pfb></usr/local/texlive/2024/texmf-dist/fonts/type1/public/amsfonts/cm/cmtt12.pfb></usr/local/texlive/2024/texmf-dist/fonts/type1/public/cm-super/sfrm1095.pfb></usr/local/texlive/2024/texmf-dist/fonts/type1/public/cm-super/sfrm1200.pfb></usr/local/texlive/2024/texmf-dist/fonts/type1/public/cm-super/sftt1200.pfb>
Output written on main.pdf (59 pages, 1997654 bytes).
PDF statistics:
 688 PDF objects out of 1000 (max. 8388607)
 555 compressed objects within 6 object streams
 134 named destinations out of 1000 (max. 500000)
 469 words of extra memory for PDF output out of 10000 (max. 10000000)

